<?xml version="1.0" encoding="utf-8"?><testsuites name="pytest tests"><testsuite name="pytest" errors="0" failures="1" skipped="2" tests="277" time="387.212" timestamp="2026-07-17T18:52:22.738868+00:00" hostname="agent-env-e9e21a84-c884-4eb5-8804-6cd87017f1dc"><testcase classname="tests.test_iter15_refactor.TestAlternateAdminLogin" name="test_tallyravello_admin_login" time="12.165" /><testcase classname="tests.test_iter15_refactor.TestAuthRoutes" name="test_admin_login" time="0.823" /><testcase classname="tests.test_iter15_refactor.TestAuthRoutes" name="test_practitioner_login" time="0.825" /><testcase classname="tests.test_iter15_refactor.TestAuthRoutes" name="test_staff_login" time="15.808" /><testcase classname="tests.test_iter15_refactor.TestAuthRoutes" name="test_auditor_login" time="31.029" /><testcase classname="tests.test_iter15_refactor.TestAuthRoutes" name="test_refresh_flow" time="0.786" /><testcase classname="tests.test_iter15_refactor.TestOpsRoutes" name="test_treatments_list" time="0.145" /><testcase classname="tests.test_iter15_refactor.TestOpsRoutes" name="test_inventory_list" time="0.134" /><testcase classname="tests.test_iter15_refactor.TestOpsRoutes" name="test_transactions_list" time="0.171" /><testcase classname="tests.test_iter15_refactor.TestOpsRoutes" name="test_front_desk_today" time="0.135" /><testcase classname="tests.test_iter15_refactor.TestOpsRoutes" name="test_time_clock_punch_in_out" time="0.248" /><testcase classname="tests.test_iter15_refactor.TestOpsRoutes" name="test_analytics_overview" time="0.137" /><testcase classname="tests.test_iter15_refactor.TestOpsRoutes" name="test_eod_cash_drawer_pdf" time="0.125" /><testcase classname="tests.test_iter15_refactor.TestOpsRoutes" name="test_pos_checkout_smoke" time="0.113" /><testcase classname="tests.test_iter15_refactor.TestTelehealthRoutes" name="test_webrtc_config" time="0.116" /><testcase classname="tests.test_iter15_refactor.TestTelehealthRoutes" name="test_telehealth_room_stub" time="0.997" /><testcase classname="tests.test_iter15_refactor.TestFormsProtocolsRoutes" name="test_form_templates_list" time="0.107" /><testcase classname="tests.test_iter15_refactor.TestFormsProtocolsRoutes" name="test_soap_templates_list" time="0.138" /><testcase classname="tests.test_iter15_refactor.TestFormsProtocolsRoutes" name="test_protocol_templates_list" time="0.103" /><testcase classname="tests.test_iter15_refactor.TestFormsProtocolsRoutes" name="test_protocol_enrollment_and_session_complete" time="0.649" /><testcase classname="tests.test_iter15_refactor.TestComplianceRoutes" name="test_baa_checklist_8_rows" time="0.129" /><testcase classname="tests.test_iter15_refactor.TestComplianceRoutes" name="test_patient_data_export_shape" time="0.116" /><testcase classname="tests.test_iter15_refactor.TestComplianceRoutes" name="test_clients_disclosures_self" time="0.238" /><testcase classname="tests.test_iter16_phase16.TestHealthIntegrations" name="test_health_has_all_4_integration_keys" time="0.153" /><testcase classname="tests.test_iter16_phase16.TestHealthIntegrations" name="test_health_llm_is_emergent_proxy_fallback" time="0.120" /><testcase classname="tests.test_iter16_phase16.TestHealthIntegrations" name="test_health_email_is_sent_stub" time="0.146" /><testcase classname="tests.test_iter16_phase16.TestHealthIntegrations" name="test_health_sms_is_sent_stub" time="0.114" /><testcase classname="tests.test_iter16_phase16.TestHealthIntegrations" name="test_health_google_oauth_direct_false" time="0.142" /><testcase classname="tests.test_iter16_phase16.TestGoogleOAuthDirect" name="test_authorize_returns_503_when_env_missing" time="0.165" /><testcase classname="tests.test_iter16_phase16.TestGoogleOAuthDirect" name="test_callback_returns_503_when_env_missing" time="0.104" /><testcase classname="tests.test_iter16_phase16.TestGoogleOAuthDirect" name="test_emergent_google_session_still_works_missing_header_returns_400" time="0.148" /><testcase classname="tests.test_iter16_phase16.TestLlmAbstraction" name="test_forms_transcribe_via_llm_client" time="5.765" /><testcase classname="tests.test_iter16_phase16.TestLlmAbstraction" name="test_protocols_transcribe_via_llm_client" time="6.983" /><testcase classname="tests.test_iter16_phase16.TestNotifierAbstraction" name="test_forms_send_email_returns_sent_stub" time="0.421" /><testcase classname="tests.test_iter16_phase16.TestNotifierAbstraction" name="test_forms_send_sms_returns_sent_stub" time="0.117" /><testcase classname="tests.test_iter16_phase16.TestExtractedRouterEndpoints" name="test_router_clients" time="0.837" /><testcase classname="tests.test_iter16_phase16.TestExtractedRouterEndpoints" name="test_router_admin_dashboard_stats" time="0.145" /><testcase classname="tests.test_iter16_phase16.TestExtractedRouterEndpoints" name="test_router_admin_audit" time="0.106" /><testcase classname="tests.test_iter16_phase16.TestExtractedRouterEndpoints" name="test_router_appointments_list" time="0.233" /><testcase classname="tests.test_iter16_phase16.TestExtractedRouterEndpoints" name="test_router_practitioners_list" time="0.104" /><testcase classname="tests.test_iter16_phase16.TestExtractedRouterEndpoints" name="test_router_memberships_list" time="0.120" /><testcase classname="tests.test_iter16_phase16.TestExtractedRouterEndpoints" name="test_router_invoices_list" time="0.110" /><testcase classname="tests.test_iter16_phase16.TestExtractedRouterEndpoints" name="test_router_treatment_plans_list" time="0.104" /><testcase classname="tests.test_iter16_phase16.TestExtractedRouterEndpoints" name="test_router_reminder_settings" time="0.331" /><testcase classname="tests.test_iter16_phase16.TestExtractedRouterEndpoints" name="test_router_symptom_presets" time="0.335" /><testcase classname="tests.test_iter16_phase16.TestExtractedRouterEndpoints" name="test_router_labs_presets" time="0.108" /><testcase classname="tests.test_iter16_phase16.TestExtractedRouterEndpoints" name="test_router_messages_threads" time="0.140" /><testcase classname="tests.test_iter16_phase16.TestExtractedRouterEndpoints" name="test_router_ops_treatments" time="0.118" /><testcase classname="tests.test_iter16_phase16.TestExtractedRouterEndpoints" name="test_router_ops_inventory" time="0.126" /><testcase classname="tests.test_iter16_phase16.TestExtractedRouterEndpoints" name="test_router_ops_transactions" time="0.187" /><testcase classname="tests.test_iter16_phase16.TestExtractedRouterEndpoints" name="test_router_ops_time_clock_current" time="0.128" /><testcase classname="tests.test_iter16_phase16.TestExtractedRouterEndpoints" name="test_router_ops_front_desk_today" time="0.337" /><testcase classname="tests.test_iter16_phase16.TestExtractedRouterEndpoints" name="test_router_ops_analytics_overview" time="0.324" /><testcase classname="tests.test_iter16_phase16.TestExtractedRouterEndpoints" name="test_router_telehealth_webrtc_config" time="0.110" /><testcase classname="tests.test_iter16_phase16.TestExtractedRouterEndpoints" name="test_router_forms_templates" time="0.158" /><testcase classname="tests.test_iter16_phase16.TestExtractedRouterEndpoints" name="test_router_soap_templates" time="0.098" /><testcase classname="tests.test_iter16_phase16.TestExtractedRouterEndpoints" name="test_router_protocols_templates" time="0.107" /><testcase classname="tests.test_iter16_phase16.TestExtractedRouterEndpoints" name="test_router_compliance_baa_checklist" time="0.113" /><testcase classname="tests.test_iter16_phase16.TestNistPasswordValidator" name="test_change_password_short_returns_400_not_422" time="0.327" /><testcase classname="tests.test_iter16_phase16.TestNistPasswordValidator" name="test_change_password_common_password_returns_400" time="0.396" /><testcase classname="tests.test_phase10_forms" name="test_login_all_four_roles" time="3.734" /><testcase classname="tests.test_phase10_forms" name="test_clients_list" time="0.882" /><testcase classname="tests.test_phase10_forms" name="test_notes_all_endpoint" time="0.127" /><testcase classname="tests.test_phase10_forms" name="test_inventory_list" time="0.114" /><testcase classname="tests.test_phase10_forms" name="test_appointments_list" time="0.236" /><testcase classname="tests.test_phase10_forms" name="test_forms_templates_list_seeded" time="0.111"><failure message="AssertionError: missing Treatment Consent: ['Photo &amp; Likeness Release', 'TEST_PH10 Form Updated']&#10;assert False&#10; +  where False = any(&lt;generator object test_forms_templates_list_seeded.&lt;locals&gt;.&lt;genexpr&gt; at 0xfe0996d68a00&gt;)">tests/test_phase10_forms.py:83: in test_forms_templates_list_seeded
    assert any("Treatment Consent" in t for t in titles), f"missing Treatment Consent: {titles}"
E   AssertionError: missing Treatment Consent: ['Photo &amp; Likeness Release', 'TEST_PH10 Form Updated']
E   assert False
E    +  where False = any(&lt;generator object test_forms_templates_list_seeded.&lt;locals&gt;.&lt;genexpr&gt; at 0xfe0996d68a00&gt;)</failure></testcase><testcase classname="tests.test_phase10_forms" name="test_forms_rbac_client_forbidden" time="0.307" /><testcase classname="tests.test_phase10_forms" name="test_forms_rbac_staff_ok" time="1.494" /><testcase classname="tests.test_phase10_forms" name="test_forms_rbac_practitioner_ok" time="1.336" /><testcase classname="tests.test_phase10_forms" name="test_forms_generate" time="11.716" /><testcase classname="tests.test_phase10_forms" name="test_forms_transcribe" time="5.942" /><testcase classname="tests.test_phase10_forms" name="test_forms_crud_and_public_flow" time="0.943" /><testcase classname="tests.test_phase10_forms" name="test_builtin_template_cannot_be_hard_deleted" time="0.480" /><testcase classname="tests.test_phase11_soap_protocols.TestSoapTemplates" name="test_seeded_templates_present" time="1.039" /><testcase classname="tests.test_phase11_soap_protocols.TestSoapTemplates" name="test_practitioner_can_create" time="2.205" /><testcase classname="tests.test_phase11_soap_protocols.TestSoapTemplates" name="test_staff_cannot_create" time="0.868" /><testcase classname="tests.test_phase11_soap_protocols.TestSoapTemplates" name="test_client_cannot_create" time="1.067" /><testcase classname="tests.test_phase11_soap_protocols.TestSoapTemplates" name="test_staff_cannot_delete" time="0.473" /><testcase classname="tests.test_phase11_soap_protocols.TestNotesAllFilter" name="test_practitioner_id_filter" time="0.244" /><testcase classname="tests.test_phase11_soap_protocols.TestProtocolTemplates" name="test_builtin_detox_seeded" time="0.123" /><testcase classname="tests.test_phase11_soap_protocols.TestProtocolEnrollments" name="test_create_accept_session_complete_flow" time="2.348" /><testcase classname="tests.test_phase11_soap_protocols.TestProtocolEnrollments" name="test_decline_flow" time="0.503" /><testcase classname="tests.test_phase11_soap_protocols.TestProtocolEnrollments" name="test_staff_cannot_create_enrollment" time="0.224" /><testcase classname="tests.test_phase11_soap_protocols.TestProtocolEnrollments" name="test_client_cannot_see_others" time="1.397" /><testcase classname="tests.test_phase12_protocols_ai.TestAuthLoginSmoke" name="test_admin_login" time="0.686" /><testcase classname="tests.test_phase12_protocols_ai.TestAuthLoginSmoke" name="test_practitioner_login" time="0.895" /><testcase classname="tests.test_phase12_protocols_ai.TestAuthLoginSmoke" name="test_staff_login" time="0.881" /><testcase classname="tests.test_phase12_protocols_ai.TestAuthLoginSmoke" name="test_alt_admin_login" time="0.980" /><testcase classname="tests.test_phase12_protocols_ai.TestProtocolGenerate" name="test_generate_as_practitioner_returns_valid_draft" time="28.141" /><testcase classname="tests.test_phase12_protocols_ai.TestProtocolGenerate" name="test_generate_as_staff_forbidden" time="20.202" /><testcase classname="tests.test_phase12_protocols_ai.TestProtocolGenerate" name="test_generate_as_client_forbidden" time="0.504" /><testcase classname="tests.test_phase12_protocols_ai.TestProtocolTranscribe" name="test_transcribe_docx_as_practitioner" time="13.816" /><testcase classname="tests.test_phase12_protocols_ai.TestProtocolTranscribe" name="test_transcribe_as_staff_forbidden" time="0.227" /><testcase classname="tests.test_phase12_protocols_ai.TestProtocolTranscribe" name="test_transcribe_as_client_forbidden" time="0.274" /><testcase classname="tests.test_phase12_protocols_ai.TestRegressionSmoke" name="test_protocols_templates_list" time="0.785" /><testcase classname="tests.test_phase12_protocols_ai.TestRegressionSmoke" name="test_forms_transcribe_still_works_regression" time="16.569" /><testcase classname="tests.test_phase12_protocols_ai.TestRegressionSmoke" name="test_protocols_enrollments_create" time="0.565" /><testcase classname="tests.test_phase13_library.TestLibraryClassify" name="test_classify_protocol_docx_practitioner" time="19.284" /><testcase classname="tests.test_phase13_library.TestLibraryClassify" name="test_classify_hipaa_text_form_admin" time="9.003" /><testcase classname="tests.test_phase13_library.TestLibraryClassify" name="test_classify_rbac_client_forbidden" time="0.713" /><testcase classname="tests.test_phase13_library.TestLibraryClassify" name="test_classify_rbac_staff_allowed" time="6.867" /><testcase classname="tests.test_phase13_library.TestLibrarySupplements" name="test_supplements_crud_admin" time="0.425" /><testcase classname="tests.test_phase13_library.TestLibrarySupplements" name="test_supplements_get_practitioner_and_staff" time="0.239" /><testcase classname="tests.test_phase13_library.TestFormsSend" name="test_send_email_channel" time="0.220" /><testcase classname="tests.test_phase13_library.TestFormsSend" name="test_send_sms_channel" time="0.125" /><testcase classname="tests.test_phase13_library.TestFormsSend" name="test_send_link_no_target" time="0.130" /><testcase classname="tests.test_phase13_library.TestVisitRecordings" name="test_list_recordings_admin_empty" time="0.489" /><testcase classname="tests.test_phase13_library.TestVisitRecordings" name="test_list_recordings_other_client_forbidden" time="0.113" /><testcase classname="tests.test_phase13_library.TestVisitRecordings" name="test_download_recording_bogus_file_id" time="0.124" /><testcase classname="tests.test_phase14_supplements.TestSupplementSheet" name="test_admin_creates_sheet" time="0.801" /><testcase classname="tests.test_phase14_supplements.TestAutoAttach" name="test_note_with_plan_referencing_sheet_creates_assignment" time="1.884" /><testcase classname="tests.test_phase14_supplements.TestAutoAttach" name="test_idempotency_second_note_same_sheet" time="0.780" /><testcase classname="tests.test_phase14_supplements.TestAutoAttach" name="test_note_without_reference_no_change" time="0.694" /><testcase classname="tests.test_phase14_supplements.TestAutoAttach" name="test_different_sheet_in_assessment_creates_second_assignment" time="0.640" /><testcase classname="tests.test_phase14_supplements.TestRBAC" name="test_client_can_get_own" time="0.113" /><testcase classname="tests.test_phase14_supplements.TestRBAC" name="test_client_forbidden_other" time="0.835" /><testcase classname="tests.test_phase14_supplements.TestRBAC" name="test_staff_cannot_manual_assign" time="0.792" /><testcase classname="tests.test_phase14_supplements.TestManualAssignAndDelete" name="test_practitioner_manual_assign" time="0.295" /><testcase classname="tests.test_phase14_supplements.TestManualAssignAndDelete" name="test_delete_assignment_soft_deletes" time="0.228" /><testcase classname="tests.test_phase14_supplements.TestManualAssignAndDelete" name="test_audit_logs_present" time="0.269" /><testcase classname="tests.test_phase15_hipaa.TestSecurityHeaders" name="test_hsts_and_friends_present" time="0.094" /><testcase classname="tests.test_phase15_hipaa.TestPasswordPolicy" name="test_register_rejects_weak_password" time="0.119" /><testcase classname="tests.test_phase15_hipaa.TestPasswordPolicy" name="test_register_accepts_strong_password" time="0.354" /><testcase classname="tests.test_phase15_hipaa.TestPasswordPolicy" name="test_change_password_rejects_short" time="0.682" /><testcase classname="tests.test_phase15_hipaa.TestPasswordPolicy" name="test_change_password_accepts_strong_then_reverts" time="1.868" /><testcase classname="tests.test_phase15_hipaa.TestAuditorRBAC" name="test_auditor_login_role" time="0.774" /><testcase classname="tests.test_phase15_hipaa.TestAuditorRBAC" name="test_auditor_get_clients_allowed" time="0.172" /><testcase classname="tests.test_phase15_hipaa.TestAuditorRBAC" name="test_auditor_post_client_forbidden" time="0.106" /><testcase classname="tests.test_phase15_hipaa.TestAuditorRBAC" name="test_auditor_break_glass_audit_row_written" time="1.496" /><testcase classname="tests.test_phase15_hipaa.TestPatientDataExport" name="test_client_export_success" time="0.112" /><testcase classname="tests.test_phase15_hipaa.TestPatientDataExport" name="test_admin_export_forbidden" time="0.138" /><testcase classname="tests.test_phase15_hipaa.TestPatientDataExport" name="test_practitioner_export_forbidden" time="0.834" /><testcase classname="tests.test_phase15_hipaa.TestDisclosures" name="test_client_own_disclosures_ok" time="0.237" /><testcase classname="tests.test_phase15_hipaa.TestDisclosures" name="test_client_other_disclosures_forbidden" time="0.563" /><testcase classname="tests.test_phase15_hipaa.TestBAAChecklist" name="test_admin_get_baa_returns_8_rows" time="0.131" /><testcase classname="tests.test_phase15_hipaa.TestBAAChecklist" name="test_practitioner_get_baa_forbidden" time="0.105" /><testcase classname="tests.test_phase15_hipaa.TestBAAChecklist" name="test_staff_get_baa_forbidden" time="0.780" /><testcase classname="tests.test_phase15_hipaa.TestBAAChecklist" name="test_admin_put_mark_signed" time="0.368" /><testcase classname="tests.test_phase4.TestAuthAndAccount" name="test_login_admin" time="0.656" /><testcase classname="tests.test_phase4.TestAuthAndAccount" name="test_get_me" time="0.096" /><testcase classname="tests.test_phase4.TestAuthAndAccount" name="test_profile_update" time="0.124" /><testcase classname="tests.test_phase4.TestAuthAndAccount" name="test_change_password_and_revert" time="1.877" /><testcase classname="tests.test_phase4.TestTreatments" name="test_create" time="0.156" /><testcase classname="tests.test_phase4.TestTreatments" name="test_list_includes" time="0.110" /><testcase classname="tests.test_phase4.TestTreatments" name="test_update" time="0.109" /><testcase classname="tests.test_phase4.TestTreatments" name="test_delete_admin_only" time="0.100" /><testcase classname="tests.test_phase4.TestInventory" name="test_create" time="0.112" /><testcase classname="tests.test_phase4.TestInventory" name="test_adjust" time="0.130" /><testcase classname="tests.test_phase4.TestInventory" name="test_update" time="0.107" /><testcase classname="tests.test_phase4.TestPOS" name="test_checkout_mixed" time="0.592" /><testcase classname="tests.test_phase4.TestPOS" name="test_checkout_payment_methods[cash]" time="0.133" /><testcase classname="tests.test_phase4.TestPOS" name="test_checkout_payment_methods[check]" time="0.104" /><testcase classname="tests.test_phase4.TestPOS" name="test_checkout_payment_methods[card_other]" time="0.173" /><testcase classname="tests.test_phase4.TestPOS" name="test_checkout_payment_methods[stripe]" time="0.108" /><testcase classname="tests.test_phase4.TestPOS" name="test_transactions_filter_by_client" time="0.111" /><testcase classname="tests.test_phase4.TestPOS" name="test_receipt_pdf" time="0.122" /><testcase classname="tests.test_phase4.TestTimeClock" name="test_full_cycle" time="2.679" /><testcase classname="tests.test_phase4.TestFrontDesk" name="test_check_in_walk_in" time="0.118" /><testcase classname="tests.test_phase4.TestFrontDesk" name="test_today_list" time="0.120" /><testcase classname="tests.test_phase4.TestFrontDesk" name="test_update_status_checked_out" time="0.140" /><testcase classname="tests.test_phase4.TestClientImport" name="test_csv_import_with_dedupe" time="0.107" /><testcase classname="tests.test_phase4.TestRBAC" name="test_client_forbidden[GET-/inventory]" time="0.795" /><testcase classname="tests.test_phase4.TestRBAC" name="test_client_forbidden[POST-/inventory]" time="0.108" /><testcase classname="tests.test_phase4.TestRBAC" name="test_client_forbidden[GET-/treatments]" time="0.110" /><testcase classname="tests.test_phase4.TestRBAC" name="test_client_forbidden[POST-/treatments]" time="0.095" /><testcase classname="tests.test_phase4.TestRBAC" name="test_client_forbidden[POST-/pos/checkout]" time="0.110" /><testcase classname="tests.test_phase4.TestRBAC" name="test_client_forbidden[GET-/transactions]" time="0.134" /><testcase classname="tests.test_phase4.TestRBAC" name="test_client_forbidden[GET-/time-clock/all]" time="0.110" /><testcase classname="tests.test_phase4.TestRBAC" name="test_client_forbidden[GET-/front-desk/today]" time="0.112" /><testcase classname="tests.test_phase4.TestRBAC" name="test_client_forbidden[POST-/front-desk/check-in]" time="0.105" /><testcase classname="tests.test_phase4.TestRBAC" name="test_client_forbidden[POST-/clients/import]" time="0.112" /><testcase classname="tests.test_phase5.TestAnalyticsOverview" name="test_admin_default_30" time="0.790" /><testcase classname="tests.test_phase5.TestAnalyticsOverview" name="test_admin_window_sizes[7]" time="0.113" /><testcase classname="tests.test_phase5.TestAnalyticsOverview" name="test_admin_window_sizes[30]" time="0.125" /><testcase classname="tests.test_phase5.TestAnalyticsOverview" name="test_admin_window_sizes[90]" time="0.121" /><testcase classname="tests.test_phase5.TestAnalyticsOverview" name="test_admin_window_sizes[365]" time="0.157" /><testcase classname="tests.test_phase5.TestAnalyticsOverview" name="test_practitioner_allowed" time="0.785" /><testcase classname="tests.test_phase5.TestAnalyticsOverview" name="test_client_forbidden" time="0.587" /><testcase classname="tests.test_phase5.TestAnalyticsOverview" name="test_unauthenticated_blocked" time="0.106" /><testcase classname="tests.test_phase5.TestPhase4Smoke" name="test_login_admin" time="0.700" /><testcase classname="tests.test_phase5.TestPhase4Smoke" name="test_treatments_admin_list" time="0.107" /><testcase classname="tests.test_phase5.TestPhase4Smoke" name="test_treatments_client_forbidden" time="0.134" /><testcase classname="tests.test_phase5.TestPhase4Smoke" name="test_inventory_list" time="0.114" /><testcase classname="tests.test_phase5.TestPhase4Smoke" name="test_transactions_list" time="0.160" /><testcase classname="tests.test_phase5.TestPhase4Smoke" name="test_timeclock_status" time="0.108" /><testcase classname="tests.test_phase5.TestPhase4Smoke" name="test_frontdesk_today" time="0.116" /><testcase classname="tests.test_phase5.TestPhase4Smoke" name="test_appointments_list" time="0.239" /><testcase classname="tests.test_phase5.TestPWAAssets" name="test_manifest_reachable" time="0.108" /><testcase classname="tests.test_phase5.TestPWAAssets" name="test_service_worker_reachable" time="0.136" /><testcase classname="tests.test_phase5.TestPWAAssets" name="test_icon_192_reachable" time="0.123" /><testcase classname="tests.test_phase5.TestPWAAssets" name="test_icon_512_reachable" time="0.103" /><testcase classname="tests.test_phase6.TestEodCashDrawer" name="test_admin_returns_pdf" time="0.787" /><testcase classname="tests.test_phase6.TestEodCashDrawer" name="test_client_forbidden" time="0.562" /><testcase classname="tests.test_phase6.TestEodCashDrawer" name="test_unauth_rejected" time="0.100" /><testcase classname="tests.test_phase6.TestClientExtendedFields" name="test_create_with_extended_fields_autogen_mrn" time="0.605" /><testcase classname="tests.test_phase6.TestClientExtendedFields" name="test_explicit_mrn_preserved" time="0.124" /><testcase classname="tests.test_phase6.TestClientExtendedFields" name="test_list_clients_returns_extended_fields" time="0.223" /><testcase classname="tests.test_phase6.TestAnalyticsProviderShape" name="test_notes_by_provider_resolves_name" time="0.769" /><testcase classname="tests.test_phase6.TestVisitChat" name="test_chat_history_empty_for_new" time="0.539" /><testcase classname="tests.test_phase6.TestVisitChat" name="test_chat_history_404_for_unknown" time="0.115" /><testcase classname="tests.test_phase6.TestVisitChat" name="test_client_cannot_read_other_visit" time="0.460" /><testcase classname="tests.test_phase6.TestRecordingUpload" name="test_practitioner_uploads" time="0.134" /><testcase classname="tests.test_phase6.TestRecordingUpload" name="test_client_forbidden" time="0.108" /><testcase classname="tests.test_phase6.TestRecordingUpload" name="test_404_for_unknown" time="0.502" /><testcase classname="tests.test_phase6" name="test_ws_invalid_token_rejected" time="0.171" /><testcase classname="tests.test_phase6" name="test_ws_missing_appointment" time="0.177" /><testcase classname="tests.test_phase6" name="test_ws_provider_join_and_chat_persists" time="1.091" /><testcase classname="tests.test_phase6" name="test_ws_client_wrong_appt_rejected" time="0.939" /><testcase classname="tests.test_phase7.TestWsTicket" name="test_admin_can_issue" time="2.341" /><testcase classname="tests.test_phase7.TestWsTicket" name="test_unknown_appt_404" time="0.123" /><testcase classname="tests.test_phase7.TestWsTicket" name="test_client_can_issue_for_own_appt" time="0.103" /><testcase classname="tests.test_phase7.TestWsTicket" name="test_client_forbidden_for_others_appt" time="0.480" /><testcase classname="tests.test_phase7" name="test_ws_ticket_single_use" time="0.514" /><testcase classname="tests.test_phase7" name="test_ws_invalid_ticket" time="0.184" /><testcase classname="tests.test_phase7" name="test_ws_legacy_token_still_works" time="0.204" /><testcase classname="tests.test_phase7.TestWebrtcConfig" name="test_returns_stun" time="0.124" /><testcase classname="tests.test_phase7.TestWebrtcConfig" name="test_turn_included_when_env_set" time="0.125" /><testcase classname="tests.test_phase7.TestLiveSoap" name="test_put_get_round_trip" time="0.358" /><testcase classname="tests.test_phase7.TestLiveSoap" name="test_client_forbidden" time="0.126" /><testcase classname="tests.test_phase7.TestAutoDraft" name="test_returns_soap_shape" time="0.120" /><testcase classname="tests.test_phase7.TestAutoDraft" name="test_client_forbidden" time="0.146" /><testcase classname="tests.test_phase7.TestLlmSoap" name="test_llm_returns_soap" time="0.000"><skipped type="pytest.skip" message="EMERGENT_LLM_KEY not set">/app/backend/tests/test_phase7.py:269: EMERGENT_LLM_KEY not set</skipped></testcase><testcase classname="tests.test_phase7.TestLlmSoap" name="test_client_forbidden" time="0.100" /><testcase classname="tests.test_phase7.TestRecurrence" name="test_weekly_creates_4" time="0.210" /><testcase classname="tests.test_phase7.TestRecurrence" name="test_unknown_appt_404" time="0.105" /><testcase classname="tests.test_phase7.TestInventoryLots" name="test_add_lot_increments_stock" time="0.493" /><testcase classname="tests.test_phase7.TestInventoryLots" name="test_expiring_includes_item" time="0.131" /><testcase classname="tests.test_phase7.TestInventoryLots" name="test_unknown_item_404" time="0.112" /><testcase classname="tests.test_phase7.TestCommissionRemoved" name="test_set_commission_returns_404" time="0.141" /><testcase classname="tests.test_phase7.TestCommissionRemoved" name="test_report_returns_404" time="0.101" /><testcase classname="tests.test_phase7.TestPush" name="test_public_key" time="0.112" /><testcase classname="tests.test_phase7.TestPush" name="test_subscribe_and_unsubscribe_nested" time="0.379" /><testcase classname="tests.test_phase7.TestPush" name="test_subscribe_flat_shape" time="0.287" /><testcase classname="tests.test_phase7.TestPush" name="test_subscribe_missing_endpoint" time="0.096" /><testcase classname="tests.test_phase8.TestGoogleSession" name="test_missing_header_400" time="0.125" /><testcase classname="tests.test_phase8.TestGoogleSession" name="test_invalid_session_returns_401_or_502" time="2.648" /><testcase classname="tests.test_phase8.TestCommissionRemoved" name="test_reports_commissions_404" time="0.786" /><testcase classname="tests.test_phase8.TestCommissionRemoved" name="test_treatment_commission_put_404" time="0.101" /><testcase classname="tests.test_phase8.TestPushPublicKey" name="test_public_key_matches_env" time="0.110" /><testcase classname="tests.test_phase8.TestPushSubscribe" name="test_subscribe_then_unsubscribe" time="0.391" /><testcase classname="tests.test_phase8.TestPushSubscribe" name="test_subscribe_missing_endpoint_400" time="0.104" /><testcase classname="tests.test_phase8.TestPushTriggers" name="test_appt_in_session_telehealth_no_500" time="1.204" /><testcase classname="tests.test_phase8.TestPushTriggers" name="test_message_create_pushes_to_other_no_500" time="0.336"><skipped type="pytest.skip" message="Could not create message thread in this env">/app/backend/tests/test_phase8.py:182: Could not create message thread in this env</skipped></testcase><testcase classname="tests.test_phase8.TestPushTriggers" name="test_pos_low_stock_alert_no_500" time="0.350" /><testcase classname="tests.test_phase8.TestBackgroundLoops" name="test_loops_referenced_in_source" time="0.000" /><testcase classname="tests.test_phase9.TestStaffSeed" name="test_staff_login_works" time="0.681" /><testcase classname="tests.test_phase9.TestStaffSeed" name="test_staff_token_authorizes_basic_endpoints" time="0.755" /><testcase classname="tests.test_phase9.TestAppointmentInSession" name="test_post_appointment_in_session" time="1.154" /><testcase classname="tests.test_phase9.TestAppointmentInSession" name="test_put_appointment_to_in_session" time="0.924" /><testcase classname="tests.test_phase9.TestRegressionSmoke" name="test_login_all_roles[admin-creds0]" time="0.658" /><testcase classname="tests.test_phase9.TestRegressionSmoke" name="test_login_all_roles[practitioner-creds1]" time="0.682" /><testcase classname="tests.test_phase9.TestRegressionSmoke" name="test_login_all_roles[staff-creds2]" time="0.689" /><testcase classname="tests.test_phase9.TestRegressionSmoke" name="test_login_all_roles[alt_admin-creds3]" time="0.675" /><testcase classname="tests.test_phase9.TestRegressionSmoke" name="test_admin_get_endpoints[/appointments]" time="0.254" /><testcase classname="tests.test_phase9.TestRegressionSmoke" name="test_admin_get_endpoints[/clients]" time="0.136" /><testcase classname="tests.test_phase9.TestRegressionSmoke" name="test_admin_get_endpoints[/inventory]" time="0.127" /><testcase classname="tests.test_phase9.TestRegressionSmoke" name="test_admin_get_endpoints[/treatments]" time="0.108" /><testcase classname="tests.test_phase9.TestRegressionSmoke" name="test_admin_get_endpoints[/transactions]" time="0.172" /><testcase classname="tests.test_sprint1_auth_hardening.TestSessionBinding" name="test_login_creates_session_and_access_works" time="0.473" /><testcase classname="tests.test_sprint1_auth_hardening.TestSessionBinding" name="test_logout_revokes_session" time="0.614" /><testcase classname="tests.test_sprint1_auth_hardening.TestSessionBinding" name="test_two_logins_produce_independent_sessions" time="0.874" /><testcase classname="tests.test_sprint1_auth_hardening.TestSessionBinding" name="test_refresh_reuses_same_session_but_new_jti" time="0.438" /><testcase classname="tests.test_sprint1_auth_hardening.TestWorkforceMfa" name="test_admin_blocked_on_phi_until_mfa_enrolled" time="1.122" /><testcase classname="tests.test_sprint1_auth_hardening.TestWorkforceMfa" name="test_workforce_cannot_disable_mfa" time="0.822" /><testcase classname="tests.test_sprint1_auth_hardening.TestWorkforceMfa" name="test_client_can_disable_mfa" time="0.704" /><testcase classname="tests.test_sprint1_auth_hardening.TestPasswordChange" name="test_change_password_revokes_all_and_bumps_version" time="1.853" /><testcase classname="tests.test_sprint1_auth_hardening.TestPasswordReset" name="test_unknown_and_known_email_return_identical_response" time="0.586" /><testcase classname="tests.test_sprint1_auth_hardening.TestPasswordReset" name="test_reset_token_end_to_end" time="1.687" /><testcase classname="tests.test_sprint1_auth_hardening.TestPasswordReset" name="test_reset_token_is_single_use" time="1.028" /><testcase classname="tests.test_sprint1_auth_hardening.TestPasswordReset" name="test_reset_token_rejects_weak_password" time="1.053" /><testcase classname="tests.test_sprint1_auth_hardening.TestPasswordReset" name="test_reset_rate_limit_per_email" time="0.672" /><testcase classname="tests.test_sprint1_auth_hardening.TestAuditRedaction" name="test_no_raw_reset_token_in_integration_log" time="68.623" /><testcase classname="tests.test_sprint1_auth_hardening.TestGateItem2_MfaAtRestEncryption" name="test_mfa_secret_stored_as_ciphertext_not_plaintext" time="0.680" /><testcase classname="tests.test_sprint1_auth_hardening.TestGateItem2_MfaAtRestEncryption" name="test_encrypt_decrypt_roundtrip" time="0.000" /><testcase classname="tests.test_sprint1_auth_hardening.TestGateItem6_DevHelperSafety" name="test_returns_404_when_env_flag_missing" time="0.108" /><testcase classname="tests.test_sprint1_auth_hardening.TestGateItem6_DevHelperSafety" name="test_returns_404_when_hipaa_mode_on" time="0.005" /><testcase classname="tests.test_sprint1_auth_hardening.TestGateItem6_DevHelperSafety" name="test_cannot_be_activated_by_header_or_query_hackery" time="1.807" /></testsuite></testsuites>