<?xml version="1.0" encoding="utf-8"?><testsuites name="pytest tests"><testsuite name="pytest" errors="0" failures="0" skipped="0" tests="2" time="2.805" timestamp="2026-07-19T15:51:13.523968+00:00" hostname="agent-env-e9e21a84-c884-4eb5-8804-6cd87017f1dc"><testcase classname="tests.test_multitab_refresh" name="test_three_tabs_concurrent_refresh_returns_one_200_and_others_409" time="1.541" /><testcase classname="tests.test_multitab_refresh" name="test_true_reuse_outside_grace_still_burns_family" time="1.249" /></testsuite></testsuites>