<?xml version="1.0" encoding="utf-8"?><testsuites name="pytest tests"><testsuite name="pytest" errors="9" failures="1" skipped="1" tests="218" time="245.082" timestamp="2026-07-17T09:00:15.059310+00:00" hostname="agent-env-e9e21a84-c884-4eb5-8804-6cd87017f1dc"><testcase classname="tests.test_iter15_refactor.TestAlternateAdminLogin" name="test_tallyravello_admin_login" time="0.343" /><testcase classname="tests.test_iter15_refactor.TestAuthRoutes" name="test_admin_login" time="0.420" /><testcase classname="tests.test_iter15_refactor.TestAuthRoutes" name="test_practitioner_login" time="0.411" /><testcase classname="tests.test_iter15_refactor.TestAuthRoutes" name="test_staff_login" time="0.413" /><testcase classname="tests.test_iter15_refactor.TestAuthRoutes" name="test_auditor_login" time="0.420" /><testcase classname="tests.test_iter15_refactor.TestAuthRoutes" name="test_refresh_flow" time="0.415" /><testcase classname="tests.test_iter15_refactor.TestOpsRoutes" name="test_treatments_list" time="0.105" /><testcase classname="tests.test_iter15_refactor.TestOpsRoutes" name="test_inventory_list" time="0.096" /><testcase classname="tests.test_iter15_refactor.TestOpsRoutes" name="test_transactions_list" time="0.132" /><testcase classname="tests.test_iter15_refactor.TestOpsRoutes" name="test_front_desk_today" time="0.101" /><testcase classname="tests.test_iter15_refactor.TestOpsRoutes" name="test_time_clock_punch_in_out" time="0.204" /><testcase classname="tests.test_iter15_refactor.TestOpsRoutes" name="test_analytics_overview" time="0.094" /><testcase classname="tests.test_iter15_refactor.TestOpsRoutes" name="test_eod_cash_drawer_pdf" time="0.104" /><testcase classname="tests.test_iter15_refactor.TestOpsRoutes" name="test_pos_checkout_smoke" time="0.092" /><testcase classname="tests.test_iter15_refactor.TestTelehealthRoutes" name="test_webrtc_config" time="0.088" /><testcase classname="tests.test_iter15_refactor.TestTelehealthRoutes" name="test_telehealth_room_stub" time="0.830" /><testcase classname="tests.test_iter15_refactor.TestFormsProtocolsRoutes" name="test_form_templates_list" time="0.092" /><testcase classname="tests.test_iter15_refactor.TestFormsProtocolsRoutes" name="test_soap_templates_list" time="0.093" /><testcase classname="tests.test_iter15_refactor.TestFormsProtocolsRoutes" name="test_protocol_templates_list" time="0.102" /><testcase classname="tests.test_iter15_refactor.TestFormsProtocolsRoutes" name="test_protocol_enrollment_and_session_complete" time="0.503" /><testcase classname="tests.test_iter15_refactor.TestComplianceRoutes" name="test_baa_checklist_8_rows" time="0.118" /><testcase classname="tests.test_iter15_refactor.TestComplianceRoutes" name="test_patient_data_export_shape" time="0.099" /><testcase classname="tests.test_iter15_refactor.TestComplianceRoutes" name="test_clients_disclosures_self" time="0.191" /><testcase classname="tests.test_iter16_phase16.TestHealthIntegrations" name="test_health_has_all_4_integration_keys" time="0.091" /><testcase classname="tests.test_iter16_phase16.TestHealthIntegrations" name="test_health_llm_is_emergent_proxy_fallback" time="0.094" /><testcase classname="tests.test_iter16_phase16.TestHealthIntegrations" name="test_health_email_is_sent_stub" time="0.092" /><testcase classname="tests.test_iter16_phase16.TestHealthIntegrations" name="test_health_sms_is_sent_stub" time="0.093" /><testcase classname="tests.test_iter16_phase16.TestHealthIntegrations" name="test_health_google_oauth_direct_false" time="0.091" /><testcase classname="tests.test_iter16_phase16.TestGoogleOAuthDirect" name="test_authorize_returns_503_when_env_missing" time="0.088" /><testcase classname="tests.test_iter16_phase16.TestGoogleOAuthDirect" name="test_callback_returns_503_when_env_missing" time="0.109" /><testcase classname="tests.test_iter16_phase16.TestGoogleOAuthDirect" name="test_emergent_google_session_still_works_missing_header_returns_400" time="0.089" /><testcase classname="tests.test_iter16_phase16.TestLlmAbstraction" name="test_forms_transcribe_via_llm_client" time="4.292" /><testcase classname="tests.test_iter16_phase16.TestLlmAbstraction" name="test_protocols_transcribe_via_llm_client" time="6.250" /><testcase classname="tests.test_iter16_phase16.TestNotifierAbstraction" name="test_forms_send_email_returns_sent_stub" time="0.326" /><testcase classname="tests.test_iter16_phase16.TestNotifierAbstraction" name="test_forms_send_sms_returns_sent_stub" time="0.096" /><testcase classname="tests.test_iter16_phase16.TestExtractedRouterEndpoints" name="test_router_clients" time="0.434" /><testcase classname="tests.test_iter16_phase16.TestExtractedRouterEndpoints" name="test_router_admin_dashboard_stats" time="0.100" /><testcase classname="tests.test_iter16_phase16.TestExtractedRouterEndpoints" name="test_router_admin_audit" time="0.094" /><testcase classname="tests.test_iter16_phase16.TestExtractedRouterEndpoints" name="test_router_appointments_list" time="0.177" /><testcase classname="tests.test_iter16_phase16.TestExtractedRouterEndpoints" name="test_router_practitioners_list" time="0.095" /><testcase classname="tests.test_iter16_phase16.TestExtractedRouterEndpoints" name="test_router_memberships_list" time="0.091" /><testcase classname="tests.test_iter16_phase16.TestExtractedRouterEndpoints" name="test_router_invoices_list" time="0.093" /><testcase classname="tests.test_iter16_phase16.TestExtractedRouterEndpoints" name="test_router_treatment_plans_list" time="0.093" /><testcase classname="tests.test_iter16_phase16.TestExtractedRouterEndpoints" name="test_router_reminder_settings" time="0.098" /><testcase classname="tests.test_iter16_phase16.TestExtractedRouterEndpoints" name="test_router_symptom_presets" time="0.094" /><testcase classname="tests.test_iter16_phase16.TestExtractedRouterEndpoints" name="test_router_labs_presets" time="0.091" /><testcase classname="tests.test_iter16_phase16.TestExtractedRouterEndpoints" name="test_router_messages_threads" time="0.093" /><testcase classname="tests.test_iter16_phase16.TestExtractedRouterEndpoints" name="test_router_ops_treatments" time="0.095" /><testcase classname="tests.test_iter16_phase16.TestExtractedRouterEndpoints" name="test_router_ops_inventory" time="0.098" /><testcase classname="tests.test_iter16_phase16.TestExtractedRouterEndpoints" name="test_router_ops_transactions" time="0.133" /><testcase classname="tests.test_iter16_phase16.TestExtractedRouterEndpoints" name="test_router_ops_time_clock_current" time="0.089" /><testcase classname="tests.test_iter16_phase16.TestExtractedRouterEndpoints" name="test_router_ops_front_desk_today" time="0.088" /><testcase classname="tests.test_iter16_phase16.TestExtractedRouterEndpoints" name="test_router_ops_analytics_overview" time="0.101" /><testcase classname="tests.test_iter16_phase16.TestExtractedRouterEndpoints" name="test_router_telehealth_webrtc_config" time="0.091" /><testcase classname="tests.test_iter16_phase16.TestExtractedRouterEndpoints" name="test_router_forms_templates" time="0.097" /><testcase classname="tests.test_iter16_phase16.TestExtractedRouterEndpoints" name="test_router_soap_templates" time="0.089" /><testcase classname="tests.test_iter16_phase16.TestExtractedRouterEndpoints" name="test_router_protocols_templates" time="0.092" /><testcase classname="tests.test_iter16_phase16.TestExtractedRouterEndpoints" name="test_router_compliance_baa_checklist" time="0.092" /><testcase classname="tests.test_iter16_phase16.TestNistPasswordValidator" name="test_change_password_short_returns_400_not_422" time="0.331" /><testcase classname="tests.test_iter16_phase16.TestNistPasswordValidator" name="test_change_password_common_password_returns_400" time="0.310" /><testcase classname="tests.test_phase11_soap_protocols.TestSoapTemplates" name="test_seeded_templates_present" time="0.414" /><testcase classname="tests.test_phase11_soap_protocols.TestSoapTemplates" name="test_practitioner_can_create" time="1.037" /><testcase classname="tests.test_phase11_soap_protocols.TestSoapTemplates" name="test_staff_cannot_create" time="0.408" /><testcase classname="tests.test_phase11_soap_protocols.TestSoapTemplates" name="test_client_cannot_create" time="0.609" /><testcase classname="tests.test_phase11_soap_protocols.TestSoapTemplates" name="test_staff_cannot_delete" time="0.284" /><testcase classname="tests.test_phase11_soap_protocols.TestNotesAllFilter" name="test_practitioner_id_filter" time="0.186" /><testcase classname="tests.test_phase11_soap_protocols.TestProtocolTemplates" name="test_builtin_detox_seeded" time="0.096" /><testcase classname="tests.test_phase11_soap_protocols.TestProtocolEnrollments" name="test_create_accept_session_complete_flow" time="1.096" /><testcase classname="tests.test_phase11_soap_protocols.TestProtocolEnrollments" name="test_decline_flow" time="0.295" /><testcase classname="tests.test_phase11_soap_protocols.TestProtocolEnrollments" name="test_staff_cannot_create_enrollment" time="0.191" /><testcase classname="tests.test_phase11_soap_protocols.TestProtocolEnrollments" name="test_client_cannot_see_others" time="0.474" /><testcase classname="tests.test_phase12_protocols_ai.TestAuthLoginSmoke" name="test_admin_login" time="0.321" /><testcase classname="tests.test_phase12_protocols_ai.TestAuthLoginSmoke" name="test_practitioner_login" time="0.311" /><testcase classname="tests.test_phase12_protocols_ai.TestAuthLoginSmoke" name="test_staff_login" time="0.325" /><testcase classname="tests.test_phase12_protocols_ai.TestAuthLoginSmoke" name="test_alt_admin_login" time="0.317" /><testcase classname="tests.test_phase12_protocols_ai.TestProtocolGenerate" name="test_generate_as_practitioner_returns_valid_draft" time="35.041" /><testcase classname="tests.test_phase12_protocols_ai.TestProtocolGenerate" name="test_generate_as_staff_forbidden" time="0.506" /><testcase classname="tests.test_phase12_protocols_ai.TestProtocolGenerate" name="test_generate_as_client_forbidden" time="0.407" /><testcase classname="tests.test_phase12_protocols_ai.TestProtocolTranscribe" name="test_transcribe_docx_as_practitioner" time="14.670" /><testcase classname="tests.test_phase12_protocols_ai.TestProtocolTranscribe" name="test_transcribe_as_staff_forbidden" time="0.194" /><testcase classname="tests.test_phase12_protocols_ai.TestProtocolTranscribe" name="test_transcribe_as_client_forbidden" time="0.127" /><testcase classname="tests.test_phase12_protocols_ai.TestRegressionSmoke" name="test_protocols_templates_list" time="0.420" /><testcase classname="tests.test_phase12_protocols_ai.TestRegressionSmoke" name="test_forms_transcribe_still_works_regression" time="19.760" /><testcase classname="tests.test_phase12_protocols_ai.TestRegressionSmoke" name="test_protocols_enrollments_create" time="0.350" /><testcase classname="tests.test_phase13_library.TestLibraryClassify" name="test_classify_protocol_docx_practitioner" time="18.619" /><testcase classname="tests.test_phase13_library.TestLibraryClassify" name="test_classify_hipaa_text_form_admin" time="8.040" /><testcase classname="tests.test_phase13_library.TestLibraryClassify" name="test_classify_rbac_client_forbidden" time="0.439" /><testcase classname="tests.test_phase13_library.TestLibraryClassify" name="test_classify_rbac_staff_allowed" time="14.638" /><testcase classname="tests.test_phase13_library.TestLibrarySupplements" name="test_supplements_crud_admin" time="0.327" /><testcase classname="tests.test_phase13_library.TestLibrarySupplements" name="test_supplements_get_practitioner_and_staff" time="0.187" /><testcase classname="tests.test_phase13_library.TestFormsSend" name="test_send_email_channel" time="0.207" /><testcase classname="tests.test_phase13_library.TestFormsSend" name="test_send_sms_channel" time="0.100" /><testcase classname="tests.test_phase13_library.TestFormsSend" name="test_send_link_no_target" time="0.097" /><testcase classname="tests.test_phase13_library.TestVisitRecordings" name="test_list_recordings_admin_empty" time="0.395" /><testcase classname="tests.test_phase13_library.TestVisitRecordings" name="test_list_recordings_other_client_forbidden" time="0.092" /><testcase classname="tests.test_phase13_library.TestVisitRecordings" name="test_download_recording_bogus_file_id" time="0.094" /><testcase classname="tests.test_phase14_supplements.TestSupplementSheet" name="test_admin_creates_sheet" time="0.411" /><testcase classname="tests.test_phase14_supplements.TestAutoAttach" name="test_note_with_plan_referencing_sheet_creates_assignment" time="1.417" /><testcase classname="tests.test_phase14_supplements.TestAutoAttach" name="test_idempotency_second_note_same_sheet" time="0.697" /><testcase classname="tests.test_phase14_supplements.TestAutoAttach" name="test_note_without_reference_no_change" time="0.588" /><testcase classname="tests.test_phase14_supplements.TestAutoAttach" name="test_different_sheet_in_assessment_creates_second_assignment" time="0.608" /><testcase classname="tests.test_phase14_supplements.TestRBAC" name="test_client_can_get_own" time="0.099" /><testcase classname="tests.test_phase14_supplements.TestRBAC" name="test_client_forbidden_other" time="0.535" /><testcase classname="tests.test_phase14_supplements.TestRBAC" name="test_staff_cannot_manual_assign" time="0.437" /><testcase classname="tests.test_phase14_supplements.TestManualAssignAndDelete" name="test_practitioner_manual_assign" time="0.199" /><testcase classname="tests.test_phase14_supplements.TestManualAssignAndDelete" name="test_delete_assignment_soft_deletes" time="0.205" /><testcase classname="tests.test_phase14_supplements.TestManualAssignAndDelete" name="test_audit_logs_present" time="0.191" /><testcase classname="tests.test_phase15_hipaa.TestSecurityHeaders" name="test_hsts_and_friends_present" time="0.112" /><testcase classname="tests.test_phase15_hipaa.TestPasswordPolicy" name="test_register_rejects_weak_password" time="0.093" /><testcase classname="tests.test_phase15_hipaa.TestPasswordPolicy" name="test_register_accepts_strong_password" time="0.327" /><testcase classname="tests.test_phase15_hipaa.TestPasswordPolicy" name="test_change_password_rejects_short" time="0.631" /><testcase classname="tests.test_phase15_hipaa.TestPasswordPolicy" name="test_change_password_accepts_strong_then_reverts" time="1.403" /><testcase classname="tests.test_phase15_hipaa.TestAuditorRBAC" name="test_auditor_login_role" time="0.433" /><testcase classname="tests.test_phase15_hipaa.TestAuditorRBAC" name="test_auditor_get_clients_allowed" time="0.109" /><testcase classname="tests.test_phase15_hipaa.TestAuditorRBAC" name="test_auditor_post_client_forbidden" time="0.099" /><testcase classname="tests.test_phase15_hipaa.TestAuditorRBAC" name="test_auditor_break_glass_audit_row_written" time="1.102" /><testcase classname="tests.test_phase15_hipaa.TestPatientDataExport" name="test_client_export_success" time="0.100" /><testcase classname="tests.test_phase15_hipaa.TestPatientDataExport" name="test_admin_export_forbidden" time="0.085" /><testcase classname="tests.test_phase15_hipaa.TestPatientDataExport" name="test_practitioner_export_forbidden" time="0.411" /><testcase classname="tests.test_phase15_hipaa.TestDisclosures" name="test_client_own_disclosures_ok" time="0.185" /><testcase classname="tests.test_phase15_hipaa.TestDisclosures" name="test_client_other_disclosures_forbidden" time="0.513" /><testcase classname="tests.test_phase15_hipaa.TestBAAChecklist" name="test_admin_get_baa_returns_8_rows" time="0.092" /><testcase classname="tests.test_phase15_hipaa.TestBAAChecklist" name="test_practitioner_get_baa_forbidden" time="0.092" /><testcase classname="tests.test_phase15_hipaa.TestBAAChecklist" name="test_staff_get_baa_forbidden" time="0.416" /><testcase classname="tests.test_phase15_hipaa.TestBAAChecklist" name="test_admin_put_mark_signed" time="0.280" /><testcase classname="tests.test_phase4.TestAuthAndAccount" name="test_login_admin" time="0.313" /><testcase classname="tests.test_phase4.TestAuthAndAccount" name="test_get_me" time="0.097" /><testcase classname="tests.test_phase4.TestAuthAndAccount" name="test_profile_update" time="0.093" /><testcase classname="tests.test_phase4.TestTreatments" name="test_create" time="0.094" /><testcase classname="tests.test_phase4.TestTreatments" name="test_list_includes" time="0.093" /><testcase classname="tests.test_phase4.TestTreatments" name="test_update" time="0.100" /><testcase classname="tests.test_phase4.TestTreatments" name="test_delete_admin_only" time="0.148" /><testcase classname="tests.test_phase4.TestInventory" name="test_create" time="0.104" /><testcase classname="tests.test_phase4.TestInventory" name="test_adjust" time="0.093" /><testcase classname="tests.test_phase4.TestInventory" name="test_update" time="0.095" /><testcase classname="tests.test_phase4.TestPOS" name="test_checkout_mixed" time="0.392" /><testcase classname="tests.test_phase4.TestPOS" name="test_checkout_payment_methods[cash]" time="0.097" /><testcase classname="tests.test_phase4.TestPOS" name="test_checkout_payment_methods[check]" time="0.097" /><testcase classname="tests.test_phase4.TestPOS" name="test_checkout_payment_methods[card_other]" time="0.091" /><testcase classname="tests.test_phase4.TestPOS" name="test_checkout_payment_methods[stripe]" time="0.094" /><testcase classname="tests.test_phase4.TestPOS" name="test_transactions_filter_by_client" time="0.096" /><testcase classname="tests.test_phase4.TestPOS" name="test_receipt_pdf" time="0.114" /><testcase classname="tests.test_phase4.TestTimeClock" name="test_full_cycle" time="2.584" /><testcase classname="tests.test_phase4.TestFrontDesk" name="test_check_in_walk_in" time="0.088" /><testcase classname="tests.test_phase4.TestFrontDesk" name="test_today_list" time="0.096" /><testcase classname="tests.test_phase4.TestFrontDesk" name="test_update_status_checked_out" time="0.093" /><testcase classname="tests.test_phase4.TestClientImport" name="test_csv_import_with_dedupe" time="0.100" /><testcase classname="tests.test_phase4.TestRBAC" name="test_client_forbidden[GET-/inventory]" time="0.495" /><testcase classname="tests.test_phase4.TestRBAC" name="test_client_forbidden[POST-/inventory]" time="0.095" /><testcase classname="tests.test_phase4.TestRBAC" name="test_client_forbidden[GET-/treatments]" time="0.089" /><testcase classname="tests.test_phase4.TestRBAC" name="test_client_forbidden[POST-/treatments]" time="0.095" /><testcase classname="tests.test_phase4.TestRBAC" name="test_client_forbidden[POST-/pos/checkout]" time="0.090" /><testcase classname="tests.test_phase4.TestRBAC" name="test_client_forbidden[GET-/transactions]" time="0.099" /><testcase classname="tests.test_phase4.TestRBAC" name="test_client_forbidden[GET-/time-clock/all]" time="0.090" /><testcase classname="tests.test_phase4.TestRBAC" name="test_client_forbidden[GET-/front-desk/today]" time="0.097" /><testcase classname="tests.test_phase4.TestRBAC" name="test_client_forbidden[POST-/front-desk/check-in]" time="0.092" /><testcase classname="tests.test_phase4.TestRBAC" name="test_client_forbidden[POST-/clients/import]" time="0.091" /><testcase classname="tests.test_phase5.TestAnalyticsOverview" name="test_admin_default_30" time="0.408" /><testcase classname="tests.test_phase5.TestAnalyticsOverview" name="test_admin_window_sizes[7]" time="0.097" /><testcase classname="tests.test_phase5.TestAnalyticsOverview" name="test_admin_window_sizes[30]" time="0.091" /><testcase classname="tests.test_phase5.TestAnalyticsOverview" name="test_admin_window_sizes[90]" time="0.113" /><testcase classname="tests.test_phase5.TestAnalyticsOverview" name="test_admin_window_sizes[365]" time="0.095" /><testcase classname="tests.test_phase5.TestAnalyticsOverview" name="test_practitioner_allowed" time="0.408" /><testcase classname="tests.test_phase5.TestAnalyticsOverview" name="test_client_forbidden" time="0.507" /><testcase classname="tests.test_phase5.TestAnalyticsOverview" name="test_unauthenticated_blocked" time="0.098" /><testcase classname="tests.test_phase5.TestPhase4Smoke" name="test_login_admin" time="0.312" /><testcase classname="tests.test_phase5.TestPhase4Smoke" name="test_treatments_admin_list" time="0.088" /><testcase classname="tests.test_phase5.TestPhase4Smoke" name="test_treatments_client_forbidden" time="0.095" /><testcase classname="tests.test_phase5.TestPhase4Smoke" name="test_inventory_list" time="0.087" /><testcase classname="tests.test_phase5.TestPhase4Smoke" name="test_transactions_list" time="0.176" /><testcase classname="tests.test_phase5.TestPhase4Smoke" name="test_timeclock_status" time="0.101" /><testcase classname="tests.test_phase5.TestPhase4Smoke" name="test_frontdesk_today" time="0.101" /><testcase classname="tests.test_phase5.TestPhase4Smoke" name="test_appointments_list" time="0.176" /><testcase classname="tests.test_phase5.TestPWAAssets" name="test_manifest_reachable" time="0.093" /><testcase classname="tests.test_phase5.TestPWAAssets" name="test_service_worker_reachable" time="0.091" /><testcase classname="tests.test_phase5.TestPWAAssets" name="test_icon_192_reachable" time="0.087" /><testcase classname="tests.test_phase5.TestPWAAssets" name="test_icon_512_reachable" time="0.088" /><testcase classname="tests.test_phase6.TestEodCashDrawer" name="test_admin_returns_pdf" time="0.418" /><testcase classname="tests.test_phase6.TestEodCashDrawer" name="test_client_forbidden" time="0.503" /><testcase classname="tests.test_phase6.TestEodCashDrawer" name="test_unauth_rejected" time="0.091" /><testcase classname="tests.test_phase6.TestClientExtendedFields" name="test_create_with_extended_fields_autogen_mrn" time="0.180" /><testcase classname="tests.test_phase6.TestClientExtendedFields" name="test_explicit_mrn_preserved" time="0.099" /><testcase classname="tests.test_phase6.TestClientExtendedFields" name="test_list_clients_returns_extended_fields" time="0.107" /><testcase classname="tests.test_phase6.TestAnalyticsProviderShape" name="test_notes_by_provider_resolves_name" time="30.032"><error message="failed on setup with &quot;requests.exceptions.ConnectTimeout: HTTPSConnectionPool(host='design-158.preview.emergentagent.com', port=443): Max retries exceeded with url: /api/auth/login (Caused by ConnectTimeoutError(&lt;HTTPSConnection(host='design-158.preview.emergentagent.com', port=443) at 0xffea163f7950&gt;, 'Connection to design-158.preview.emergentagent.com timed out. (connect timeout=15)'))&quot;">self = &lt;HTTPSConnection(host='design-158.preview.emergentagent.com', port=443) at 0xffea163f7950&gt;

    def _new_conn(self) -&gt; socket.socket:
        """Establish a socket connection and set nodelay settings on it.
    
        :return: New socket connection.
        """
        try:
&gt;           sock = connection.create_connection(
                (self._dns_host, self.port),
                self.timeout,
                source_address=self.source_address,
                socket_options=self.socket_options,
            )

/root/.venv/lib/python3.11/site-packages/urllib3/connection.py:204: 
_ _ _ _ _ _ _ _ _ _ _ _ _ _ _ _ _ _ _ _ _ _ _ _ _ _ _ _ _ _ _ _ _ _ _ _ _ _ _ _ 
/root/.venv/lib/python3.11/site-packages/urllib3/util/connection.py:85: in create_connection
    raise err
_ _ _ _ _ _ _ _ _ _ _ _ _ _ _ _ _ _ _ _ _ _ _ _ _ _ _ _ _ _ _ _ _ _ _ _ _ _ _ _ 

address = ('design-158.preview.emergentagent.com', 443), timeout = 15
source_address = None, socket_options = [(6, 1, 1)]

    def create_connection(
        address: tuple[str, int],
        timeout: _TYPE_TIMEOUT = _DEFAULT_TIMEOUT,
        source_address: tuple[str, int] | None = None,
        socket_options: _TYPE_SOCKET_OPTIONS | None = None,
    ) -&gt; socket.socket:
        """Connect to *address* and return the socket object.
    
        Convenience function.  Connect to *address* (a 2-tuple ``(host,
        port)``) and return the socket object.  Passing the optional
        *timeout* parameter will set the timeout on the socket instance
        before attempting to connect.  If no *timeout* is supplied, the
        global default timeout setting returned by :func:`socket.getdefaulttimeout`
        is used.  If *source_address* is set it must be a tuple of (host, port)
        for the socket to bind as a source address before making the connection.
        An host of '' or port 0 tells the OS to use the default.
        """
    
        host, port = address
        if host.startswith("["):
            host = host.strip("[]")
        err = None
    
        # Using the value from allowed_gai_family() in the context of getaddrinfo lets
        # us select whether to work with IPv4 DNS records, IPv6 records, or both.
        # The original create_connection function always returns all records.
        family = allowed_gai_family()
    
        try:
            host.encode("idna")
        except UnicodeError:
            raise LocationParseError(f"'{host}', label empty or too long") from None
    
        for res in socket.getaddrinfo(host, port, family, socket.SOCK_STREAM):
            af, socktype, proto, canonname, sa = res
            sock = None
            try:
                sock = socket.socket(af, socktype, proto)
    
                # If provided, set socket level options before connecting.
                _set_socket_options(sock, socket_options)
    
                if timeout is not _DEFAULT_TIMEOUT:
                    sock.settimeout(timeout)
                if source_address:
                    sock.bind(source_address)
&gt;               sock.connect(sa)
E               TimeoutError: timed out

/root/.venv/lib/python3.11/site-packages/urllib3/util/connection.py:73: TimeoutError

The above exception was the direct cause of the following exception:

self = &lt;urllib3.connectionpool.HTTPSConnectionPool object at 0xffea163f6d10&gt;
method = 'POST', url = '/api/auth/login'
body = b'{"email": "ravello@natmedsol.local", "password": "Ravello!2345"}'
headers = {'User-Agent': 'python-requests/2.33.1', 'Accept-Encoding': 'gzip, deflate', 'Accept': '*/*', 'Connection': 'keep-alive', 'Content-Length': '64', 'Content-Type': 'application/json'}
retries = Retry(total=0, connect=None, read=False, redirect=None, status=None)
redirect = False, assert_same_host = False
timeout = Timeout(connect=15, read=15, total=None), pool_timeout = None
release_conn = False, chunked = False, body_pos = None, preload_content = False
decode_content = False, response_kw = {}
parsed_url = Url(scheme=None, auth=None, host=None, port=None, path='/api/auth/login', query=None, fragment=None)
destination_scheme = None, conn = None, release_this_conn = True
http_tunnel_required = False, err = None, clean_exit = False

    def urlopen(  # type: ignore[override]
        self,
        method: str,
        url: str,
        body: _TYPE_BODY | None = None,
        headers: typing.Mapping[str, str] | None = None,
        retries: Retry | bool | int | None = None,
        redirect: bool = True,
        assert_same_host: bool = True,
        timeout: _TYPE_TIMEOUT = _DEFAULT_TIMEOUT,
        pool_timeout: int | None = None,
        release_conn: bool | None = None,
        chunked: bool = False,
        body_pos: _TYPE_BODY_POSITION | None = None,
        preload_content: bool = True,
        decode_content: bool = True,
        **response_kw: typing.Any,
    ) -&gt; BaseHTTPResponse:
        """
        Get a connection from the pool and perform an HTTP request. This is the
        lowest level call for making a request, so you'll need to specify all
        the raw details.
    
        .. note::
    
           More commonly, it's appropriate to use a convenience method
           such as :meth:`request`.
    
        .. note::
    
           `release_conn` will only behave as expected if
           `preload_content=False` because we want to make
           `preload_content=False` the default behaviour someday soon without
           breaking backwards compatibility.
    
        :param method:
            HTTP request method (such as GET, POST, PUT, etc.)
    
        :param url:
            The URL to perform the request on.
    
        :param body:
            Data to send in the request body, either :class:`str`, :class:`bytes`,
            an iterable of :class:`str`/:class:`bytes`, or a file-like object.
    
        :param headers:
            Dictionary of custom headers to send, such as User-Agent,
            If-None-Match, etc. If None, pool headers are used. If provided,
            these headers completely replace any pool-specific headers.
    
        :param retries:
            Configure the number of retries to allow before raising a
            :class:`~urllib3.exceptions.MaxRetryError` exception.
    
            If ``None`` (default) will retry 3 times, see ``Retry.DEFAULT``. Pass a
            :class:`~urllib3.util.retry.Retry` object for fine-grained control
            over different types of retries.
            Pass an integer number to retry connection errors that many times,
            but no other types of errors. Pass zero to never retry.
    
            If ``False``, then retries are disabled and any exception is raised
            immediately. Also, instead of raising a MaxRetryError on redirects,
            the redirect response will be returned.
    
        :type retries: :class:`~urllib3.util.retry.Retry`, False, or an int.
    
        :param redirect:
            If True, automatically handle redirects (status codes 301, 302,
            303, 307, 308). Each redirect counts as a retry. Disabling retries
            will disable redirect, too.
    
        :param assert_same_host:
            If ``True``, will make sure that the host of the pool requests is
            consistent else will raise HostChangedError. When ``False``, you can
            use the pool on an HTTP proxy and request foreign hosts.
    
        :param timeout:
            If specified, overrides the default timeout for this one
            request. It may be a float (in seconds) or an instance of
            :class:`urllib3.util.Timeout`.
    
        :param pool_timeout:
            If set and the pool is set to block=True, then this method will
            block for ``pool_timeout`` seconds and raise EmptyPoolError if no
            connection is available within the time period.
    
        :param bool preload_content:
            If True, the response's body will be preloaded into memory.
    
        :param bool decode_content:
            If True, will attempt to decode the body based on the
            'content-encoding' header.
    
        :param release_conn:
            If False, then the urlopen call will not release the connection
            back into the pool once a response is received (but will release if
            you read the entire contents of the response such as when
            `preload_content=True`). This is useful if you're not preloading
            the response's content immediately. You will need to call
            ``r.release_conn()`` on the response ``r`` to return the connection
            back into the pool. If None, it takes the value of ``preload_content``
            which defaults to ``True``.
    
        :param bool chunked:
            If True, urllib3 will send the body using chunked transfer
            encoding. Otherwise, urllib3 will send the body using the standard
            content-length form. Defaults to False.
    
        :param int body_pos:
            Position to seek to in file-like body in the event of a retry or
            redirect. Typically this won't need to be set because urllib3 will
            auto-populate the value when needed.
        """
        parsed_url = parse_url(url)
        destination_scheme = parsed_url.scheme
    
        if headers is None:
            headers = self.headers
    
        if not isinstance(retries, Retry):
            retries = Retry.from_int(retries, redirect=redirect, default=self.retries)
    
        if release_conn is None:
            release_conn = preload_content
    
        # Check host
        if assert_same_host and not self.is_same_host(url):
            raise HostChangedError(self, url, retries)
    
        # Ensure that the URL we're connecting to is properly encoded
        if url.startswith("/"):
            url = to_str(_encode_target(url))
        else:
            url = to_str(parsed_url.url)
    
        conn = None
    
        # Track whether `conn` needs to be released before
        # returning/raising/recursing. Update this variable if necessary, and
        # leave `release_conn` constant throughout the function. That way, if
        # the function recurses, the original value of `release_conn` will be
        # passed down into the recursive call, and its value will be respected.
        #
        # See issue #651 [1] for details.
        #
        # [1] &lt;https://github.com/urllib3/urllib3/issues/651&gt;
        release_this_conn = release_conn
    
        http_tunnel_required = connection_requires_http_tunnel(
            self.proxy, self.proxy_config, destination_scheme
        )
    
        # Merge the proxy headers. Only done when not using HTTP CONNECT. We
        # have to copy the headers dict so we can safely change it without those
        # changes being reflected in anyone else's copy.
        if not http_tunnel_required:
            headers = headers.copy()  # type: ignore[attr-defined]
            headers.update(self.proxy_headers)  # type: ignore[union-attr]
    
        # Must keep the exception bound to a separate variable or else Python 3
        # complains about UnboundLocalError.
        err = None
    
        # Keep track of whether we cleanly exited the except block. This
        # ensures we do proper cleanup in finally.
        clean_exit = False
    
        # Rewind body position, if needed. Record current position
        # for future rewinds in the event of a redirect/retry.
        body_pos = set_file_position(body, body_pos)
    
        try:
            # Request a connection from the queue.
            timeout_obj = self._get_timeout(timeout)
            conn = self._get_conn(timeout=pool_timeout)
    
            conn.timeout = timeout_obj.connect_timeout  # type: ignore[assignment]
    
            # Is this a closed/new connection that requires CONNECT tunnelling?
            if self.proxy is not None and http_tunnel_required and conn.is_closed:
                try:
                    self._prepare_proxy(conn)
                except (BaseSSLError, OSError, SocketTimeout) as e:
                    self._raise_timeout(
                        err=e, url=self.proxy.url, timeout_value=conn.timeout
                    )
                    raise
    
            # If we're going to release the connection in ``finally:``, then
            # the response doesn't need to know about the connection. Otherwise
            # it will also try to release it and we'll have a double-release
            # mess.
            response_conn = conn if not release_conn else None
    
            # Make the request on the HTTPConnection object
&gt;           response = self._make_request(
                conn,
                method,
                url,
                timeout=timeout_obj,
                body=body,
                headers=headers,
                chunked=chunked,
                retries=retries,
                response_conn=response_conn,
                preload_content=preload_content,
                decode_content=decode_content,
                **response_kw,
            )

/root/.venv/lib/python3.11/site-packages/urllib3/connectionpool.py:787: 
_ _ _ _ _ _ _ _ _ _ _ _ _ _ _ _ _ _ _ _ _ _ _ _ _ _ _ _ _ _ _ _ _ _ _ _ _ _ _ _ 
/root/.venv/lib/python3.11/site-packages/urllib3/connectionpool.py:488: in _make_request
    raise new_e
/root/.venv/lib/python3.11/site-packages/urllib3/connectionpool.py:464: in _make_request
    self._validate_conn(conn)
/root/.venv/lib/python3.11/site-packages/urllib3/connectionpool.py:1093: in _validate_conn
    conn.connect()
/root/.venv/lib/python3.11/site-packages/urllib3/connection.py:759: in connect
    self.sock = sock = self._new_conn()
                       ^^^^^^^^^^^^^^^^
_ _ _ _ _ _ _ _ _ _ _ _ _ _ _ _ _ _ _ _ _ _ _ _ _ _ _ _ _ _ _ _ _ _ _ _ _ _ _ _ 

self = &lt;HTTPSConnection(host='design-158.preview.emergentagent.com', port=443) at 0xffea163f7950&gt;

    def _new_conn(self) -&gt; socket.socket:
        """Establish a socket connection and set nodelay settings on it.
    
        :return: New socket connection.
        """
        try:
            sock = connection.create_connection(
                (self._dns_host, self.port),
                self.timeout,
                source_address=self.source_address,
                socket_options=self.socket_options,
            )
        except socket.gaierror as e:
            raise NameResolutionError(self.host, self, e) from e
        except SocketTimeout as e:
&gt;           raise ConnectTimeoutError(
                self,
                f"Connection to {self.host} timed out. (connect timeout={self.timeout})",
            ) from e
E           urllib3.exceptions.ConnectTimeoutError: (&lt;HTTPSConnection(host='design-158.preview.emergentagent.com', port=443) at 0xffea163f7950&gt;, 'Connection to design-158.preview.emergentagent.com timed out. (connect timeout=15)')

/root/.venv/lib/python3.11/site-packages/urllib3/connection.py:213: ConnectTimeoutError

The above exception was the direct cause of the following exception:

self = &lt;requests.adapters.HTTPAdapter object at 0xffea163f5450&gt;
request = &lt;PreparedRequest [POST]&gt;, stream = False
timeout = Timeout(connect=15, read=15, total=None), verify = True, cert = None
proxies = OrderedDict()

    def send(
        self, request, stream=False, timeout=None, verify=True, cert=None, proxies=None
    ):
        """Sends PreparedRequest object. Returns Response object.
    
        :param request: The :class:`PreparedRequest &lt;PreparedRequest&gt;` being sent.
        :param stream: (optional) Whether to stream the request content.
        :param timeout: (optional) How long to wait for the server to send
            data before giving up, as a float, or a :ref:`(connect timeout,
            read timeout) &lt;timeouts&gt;` tuple.
        :type timeout: float or tuple or urllib3 Timeout object
        :param verify: (optional) Either a boolean, in which case it controls whether
            we verify the server's TLS certificate, or a string, in which case it
            must be a path to a CA bundle to use
        :param cert: (optional) Any user-provided SSL certificate to be trusted.
        :param proxies: (optional) The proxies dictionary to apply to the request.
        :rtype: requests.Response
        """
    
        try:
            conn = self.get_connection_with_tls_context(
                request, verify, proxies=proxies, cert=cert
            )
        except LocationValueError as e:
            raise InvalidURL(e, request=request)
    
        self.cert_verify(conn, request.url, verify, cert)
        url = self.request_url(request, proxies)
        self.add_headers(
            request,
            stream=stream,
            timeout=timeout,
            verify=verify,
            cert=cert,
            proxies=proxies,
        )
    
        chunked = not (request.body is None or "Content-Length" in request.headers)
    
        if isinstance(timeout, tuple):
            try:
                connect, read = timeout
                timeout = TimeoutSauce(connect=connect, read=read)
            except ValueError:
                raise ValueError(
                    f"Invalid timeout {timeout}. Pass a (connect, read) timeout tuple, "
                    f"or a single float to set both timeouts to the same value."
                )
        elif isinstance(timeout, TimeoutSauce):
            pass
        else:
            timeout = TimeoutSauce(connect=timeout, read=timeout)
    
        try:
&gt;           resp = conn.urlopen(
                method=request.method,
                url=url,
                body=request.body,
                headers=request.headers,
                redirect=False,
                assert_same_host=False,
                preload_content=False,
                decode_content=False,
                retries=self.max_retries,
                timeout=timeout,
                chunked=chunked,
            )

/root/.venv/lib/python3.11/site-packages/requests/adapters.py:645: 
_ _ _ _ _ _ _ _ _ _ _ _ _ _ _ _ _ _ _ _ _ _ _ _ _ _ _ _ _ _ _ _ _ _ _ _ _ _ _ _ 
/root/.venv/lib/python3.11/site-packages/urllib3/connectionpool.py:841: in urlopen
    retries = retries.increment(
_ _ _ _ _ _ _ _ _ _ _ _ _ _ _ _ _ _ _ _ _ _ _ _ _ _ _ _ _ _ _ _ _ _ _ _ _ _ _ _ 

self = Retry(total=0, connect=None, read=False, redirect=None, status=None)
method = 'POST', url = '/api/auth/login', response = None
error = ConnectTimeoutError(&lt;HTTPSConnection(host='design-158.preview.emergentagent.com', port=443) at 0xffea163f7950&gt;, 'Connection to design-158.preview.emergentagent.com timed out. (connect timeout=15)')
_pool = &lt;urllib3.connectionpool.HTTPSConnectionPool object at 0xffea163f6d10&gt;
_stacktrace = &lt;traceback object at 0xffea163f7500&gt;

    def increment(
        self,
        method: str | None = None,
        url: str | None = None,
        response: BaseHTTPResponse | None = None,
        error: Exception | None = None,
        _pool: ConnectionPool | None = None,
        _stacktrace: TracebackType | None = None,
    ) -&gt; Self:
        """Return a new Retry object with incremented retry counters.
    
        :param response: A response object, or None, if the server did not
            return a response.
        :type response: :class:`~urllib3.response.BaseHTTPResponse`
        :param Exception error: An error encountered during the request, or
            None if the response was received successfully.
    
        :return: A new ``Retry`` object.
        """
        if self.total is False and error:
            # Disabled, indicate to re-raise the error.
            raise reraise(type(error), error, _stacktrace)
    
        total = self.total
        if total is not None:
            total -= 1
    
        connect = self.connect
        read = self.read
        redirect = self.redirect
        status_count = self.status
        other = self.other
        cause = "unknown"
        status = None
        redirect_location = None
    
        if error and self._is_connection_error(error):
            # Connect retry?
            if connect is False:
                raise reraise(type(error), error, _stacktrace)
            elif connect is not None:
                connect -= 1
    
        elif error and self._is_read_error(error):
            # Read retry?
            if read is False or method is None or not self._is_method_retryable(method):
                raise reraise(type(error), error, _stacktrace)
            elif read is not None:
                read -= 1
    
        elif error:
            # Other retry?
            if other is not None:
                other -= 1
    
        elif response and response.get_redirect_location():
            # Redirect retry?
            if redirect is not None:
                redirect -= 1
            cause = "too many redirects"
            response_redirect_location = response.get_redirect_location()
            if response_redirect_location:
                redirect_location = response_redirect_location
            status = response.status
    
        else:
            # Incrementing because of a server error like a 500 in
            # status_forcelist and the given method is in the allowed_methods
            cause = ResponseError.GENERIC_ERROR
            if response and response.status:
                if status_count is not None:
                    status_count -= 1
                cause = ResponseError.SPECIFIC_ERROR.format(status_code=response.status)
                status = response.status
    
        history = self.history + (
            RequestHistory(method, url, error, status, redirect_location),
        )
    
        new_retry = self.new(
            total=total,
            connect=connect,
            read=read,
            redirect=redirect,
            status=status_count,
            other=other,
            history=history,
        )
    
        if new_retry.is_exhausted():
            reason = error or ResponseError(cause)
&gt;           raise MaxRetryError(_pool, url, reason) from reason  # type: ignore[arg-type]
            ^^^^^^^^^^^^^^^^^^^^^^^^^^^^^^^^^^^^^^^^^^^^^^^^^^^
E           urllib3.exceptions.MaxRetryError: HTTPSConnectionPool(host='design-158.preview.emergentagent.com', port=443): Max retries exceeded with url: /api/auth/login (Caused by ConnectTimeoutError(&lt;HTTPSConnection(host='design-158.preview.emergentagent.com', port=443) at 0xffea163f7950&gt;, 'Connection to design-158.preview.emergentagent.com timed out. (connect timeout=15)'))

/root/.venv/lib/python3.11/site-packages/urllib3/util/retry.py:535: MaxRetryError

During handling of the above exception, another exception occurred:

    @pytest.fixture(scope="session")
    def practitioner_token():
&gt;       return _login(PRACTITIONER)
               ^^^^^^^^^^^^^^^^^^^^

tests/test_phase6.py:44: 
_ _ _ _ _ _ _ _ _ _ _ _ _ _ _ _ _ _ _ _ _ _ _ _ _ _ _ _ _ _ _ _ _ _ _ _ _ _ _ _ 
tests/test_phase6.py:32: in _login
    r = requests.post(f"{API}/auth/login", json=creds, timeout=15)
        ^^^^^^^^^^^^^^^^^^^^^^^^^^^^^^^^^^^^^^^^^^^^^^^^^^^^^^^^^^
/root/.venv/lib/python3.11/site-packages/requests/api.py:115: in post
    return request("post", url, data=data, json=json, **kwargs)
           ^^^^^^^^^^^^^^^^^^^^^^^^^^^^^^^^^^^^^^^^^^^^^^^^^^^^
/root/.venv/lib/python3.11/site-packages/requests/api.py:59: in request
    return session.request(method=method, url=url, **kwargs)
           ^^^^^^^^^^^^^^^^^^^^^^^^^^^^^^^^^^^^^^^^^^^^^^^^^
/root/.venv/lib/python3.11/site-packages/requests/sessions.py:592: in request
    resp = self.send(prep, **send_kwargs)
           ^^^^^^^^^^^^^^^^^^^^^^^^^^^^^^
/root/.venv/lib/python3.11/site-packages/requests/sessions.py:706: in send
    r = adapter.send(request, **kwargs)
        ^^^^^^^^^^^^^^^^^^^^^^^^^^^^^^^
_ _ _ _ _ _ _ _ _ _ _ _ _ _ _ _ _ _ _ _ _ _ _ _ _ _ _ _ _ _ _ _ _ _ _ _ _ _ _ _ 

self = &lt;requests.adapters.HTTPAdapter object at 0xffea163f5450&gt;
request = &lt;PreparedRequest [POST]&gt;, stream = False
timeout = Timeout(connect=15, read=15, total=None), verify = True, cert = None
proxies = OrderedDict()

    def send(
        self, request, stream=False, timeout=None, verify=True, cert=None, proxies=None
    ):
        """Sends PreparedRequest object. Returns Response object.
    
        :param request: The :class:`PreparedRequest &lt;PreparedRequest&gt;` being sent.
        :param stream: (optional) Whether to stream the request content.
        :param timeout: (optional) How long to wait for the server to send
            data before giving up, as a float, or a :ref:`(connect timeout,
            read timeout) &lt;timeouts&gt;` tuple.
        :type timeout: float or tuple or urllib3 Timeout object
        :param verify: (optional) Either a boolean, in which case it controls whether
            we verify the server's TLS certificate, or a string, in which case it
            must be a path to a CA bundle to use
        :param cert: (optional) Any user-provided SSL certificate to be trusted.
        :param proxies: (optional) The proxies dictionary to apply to the request.
        :rtype: requests.Response
        """
    
        try:
            conn = self.get_connection_with_tls_context(
                request, verify, proxies=proxies, cert=cert
            )
        except LocationValueError as e:
            raise InvalidURL(e, request=request)
    
        self.cert_verify(conn, request.url, verify, cert)
        url = self.request_url(request, proxies)
        self.add_headers(
            request,
            stream=stream,
            timeout=timeout,
            verify=verify,
            cert=cert,
            proxies=proxies,
        )
    
        chunked = not (request.body is None or "Content-Length" in request.headers)
    
        if isinstance(timeout, tuple):
            try:
                connect, read = timeout
                timeout = TimeoutSauce(connect=connect, read=read)
            except ValueError:
                raise ValueError(
                    f"Invalid timeout {timeout}. Pass a (connect, read) timeout tuple, "
                    f"or a single float to set both timeouts to the same value."
                )
        elif isinstance(timeout, TimeoutSauce):
            pass
        else:
            timeout = TimeoutSauce(connect=timeout, read=timeout)
    
        try:
            resp = conn.urlopen(
                method=request.method,
                url=url,
                body=request.body,
                headers=request.headers,
                redirect=False,
                assert_same_host=False,
                preload_content=False,
                decode_content=False,
                retries=self.max_retries,
                timeout=timeout,
                chunked=chunked,
            )
    
        except (ProtocolError, OSError) as err:
            raise ConnectionError(err, request=request)
    
        except MaxRetryError as e:
            if isinstance(e.reason, ConnectTimeoutError):
                # TODO: Remove this in 3.0.0: see #2811
                if not isinstance(e.reason, NewConnectionError):
&gt;                   raise ConnectTimeout(e, request=request)
E                   requests.exceptions.ConnectTimeout: HTTPSConnectionPool(host='design-158.preview.emergentagent.com', port=443): Max retries exceeded with url: /api/auth/login (Caused by ConnectTimeoutError(&lt;HTTPSConnection(host='design-158.preview.emergentagent.com', port=443) at 0xffea163f7950&gt;, 'Connection to design-158.preview.emergentagent.com timed out. (connect timeout=15)'))

/root/.venv/lib/python3.11/site-packages/requests/adapters.py:666: ConnectTimeout</error></testcase><testcase classname="tests.test_phase6.TestVisitChat" name="test_chat_history_empty_for_new" time="0.000"><error message="failed on setup with &quot;requests.exceptions.ConnectTimeout: HTTPSConnectionPool(host='design-158.preview.emergentagent.com', port=443): Max retries exceeded with url: /api/auth/login (Caused by ConnectTimeoutError(&lt;HTTPSConnection(host='design-158.preview.emergentagent.com', port=443) at 0xffea163f7950&gt;, 'Connection to design-158.preview.emergentagent.com timed out. (connect timeout=15)'))&quot;">self = &lt;HTTPSConnection(host='design-158.preview.emergentagent.com', port=443) at 0xffea163f7950&gt;

    def _new_conn(self) -&gt; socket.socket:
        """Establish a socket connection and set nodelay settings on it.
    
        :return: New socket connection.
        """
        try:
&gt;           sock = connection.create_connection(
                (self._dns_host, self.port),
                self.timeout,
                source_address=self.source_address,
                socket_options=self.socket_options,
            )

/root/.venv/lib/python3.11/site-packages/urllib3/connection.py:204: 
_ _ _ _ _ _ _ _ _ _ _ _ _ _ _ _ _ _ _ _ _ _ _ _ _ _ _ _ _ _ _ _ _ _ _ _ _ _ _ _ 
/root/.venv/lib/python3.11/site-packages/urllib3/util/connection.py:85: in create_connection
    raise err
_ _ _ _ _ _ _ _ _ _ _ _ _ _ _ _ _ _ _ _ _ _ _ _ _ _ _ _ _ _ _ _ _ _ _ _ _ _ _ _ 

address = ('design-158.preview.emergentagent.com', 443), timeout = 15
source_address = None, socket_options = [(6, 1, 1)]

    def create_connection(
        address: tuple[str, int],
        timeout: _TYPE_TIMEOUT = _DEFAULT_TIMEOUT,
        source_address: tuple[str, int] | None = None,
        socket_options: _TYPE_SOCKET_OPTIONS | None = None,
    ) -&gt; socket.socket:
        """Connect to *address* and return the socket object.
    
        Convenience function.  Connect to *address* (a 2-tuple ``(host,
        port)``) and return the socket object.  Passing the optional
        *timeout* parameter will set the timeout on the socket instance
        before attempting to connect.  If no *timeout* is supplied, the
        global default timeout setting returned by :func:`socket.getdefaulttimeout`
        is used.  If *source_address* is set it must be a tuple of (host, port)
        for the socket to bind as a source address before making the connection.
        An host of '' or port 0 tells the OS to use the default.
        """
    
        host, port = address
        if host.startswith("["):
            host = host.strip("[]")
        err = None
    
        # Using the value from allowed_gai_family() in the context of getaddrinfo lets
        # us select whether to work with IPv4 DNS records, IPv6 records, or both.
        # The original create_connection function always returns all records.
        family = allowed_gai_family()
    
        try:
            host.encode("idna")
        except UnicodeError:
            raise LocationParseError(f"'{host}', label empty or too long") from None
    
        for res in socket.getaddrinfo(host, port, family, socket.SOCK_STREAM):
            af, socktype, proto, canonname, sa = res
            sock = None
            try:
                sock = socket.socket(af, socktype, proto)
    
                # If provided, set socket level options before connecting.
                _set_socket_options(sock, socket_options)
    
                if timeout is not _DEFAULT_TIMEOUT:
                    sock.settimeout(timeout)
                if source_address:
                    sock.bind(source_address)
&gt;               sock.connect(sa)
E               TimeoutError: timed out

/root/.venv/lib/python3.11/site-packages/urllib3/util/connection.py:73: TimeoutError

The above exception was the direct cause of the following exception:

self = &lt;urllib3.connectionpool.HTTPSConnectionPool object at 0xffea163f6d10&gt;
method = 'POST', url = '/api/auth/login'
body = b'{"email": "ravello@natmedsol.local", "password": "Ravello!2345"}'
headers = {'User-Agent': 'python-requests/2.33.1', 'Accept-Encoding': 'gzip, deflate', 'Accept': '*/*', 'Connection': 'keep-alive', 'Content-Length': '64', 'Content-Type': 'application/json'}
retries = Retry(total=0, connect=None, read=False, redirect=None, status=None)
redirect = False, assert_same_host = False
timeout = Timeout(connect=15, read=15, total=None), pool_timeout = None
release_conn = False, chunked = False, body_pos = None, preload_content = False
decode_content = False, response_kw = {}
parsed_url = Url(scheme=None, auth=None, host=None, port=None, path='/api/auth/login', query=None, fragment=None)
destination_scheme = None, conn = None, release_this_conn = True
http_tunnel_required = False, err = None, clean_exit = False

    def urlopen(  # type: ignore[override]
        self,
        method: str,
        url: str,
        body: _TYPE_BODY | None = None,
        headers: typing.Mapping[str, str] | None = None,
        retries: Retry | bool | int | None = None,
        redirect: bool = True,
        assert_same_host: bool = True,
        timeout: _TYPE_TIMEOUT = _DEFAULT_TIMEOUT,
        pool_timeout: int | None = None,
        release_conn: bool | None = None,
        chunked: bool = False,
        body_pos: _TYPE_BODY_POSITION | None = None,
        preload_content: bool = True,
        decode_content: bool = True,
        **response_kw: typing.Any,
    ) -&gt; BaseHTTPResponse:
        """
        Get a connection from the pool and perform an HTTP request. This is the
        lowest level call for making a request, so you'll need to specify all
        the raw details.
    
        .. note::
    
           More commonly, it's appropriate to use a convenience method
           such as :meth:`request`.
    
        .. note::
    
           `release_conn` will only behave as expected if
           `preload_content=False` because we want to make
           `preload_content=False` the default behaviour someday soon without
           breaking backwards compatibility.
    
        :param method:
            HTTP request method (such as GET, POST, PUT, etc.)
    
        :param url:
            The URL to perform the request on.
    
        :param body:
            Data to send in the request body, either :class:`str`, :class:`bytes`,
            an iterable of :class:`str`/:class:`bytes`, or a file-like object.
    
        :param headers:
            Dictionary of custom headers to send, such as User-Agent,
            If-None-Match, etc. If None, pool headers are used. If provided,
            these headers completely replace any pool-specific headers.
    
        :param retries:
            Configure the number of retries to allow before raising a
            :class:`~urllib3.exceptions.MaxRetryError` exception.
    
            If ``None`` (default) will retry 3 times, see ``Retry.DEFAULT``. Pass a
            :class:`~urllib3.util.retry.Retry` object for fine-grained control
            over different types of retries.
            Pass an integer number to retry connection errors that many times,
            but no other types of errors. Pass zero to never retry.
    
            If ``False``, then retries are disabled and any exception is raised
            immediately. Also, instead of raising a MaxRetryError on redirects,
            the redirect response will be returned.
    
        :type retries: :class:`~urllib3.util.retry.Retry`, False, or an int.
    
        :param redirect:
            If True, automatically handle redirects (status codes 301, 302,
            303, 307, 308). Each redirect counts as a retry. Disabling retries
            will disable redirect, too.
    
        :param assert_same_host:
            If ``True``, will make sure that the host of the pool requests is
            consistent else will raise HostChangedError. When ``False``, you can
            use the pool on an HTTP proxy and request foreign hosts.
    
        :param timeout:
            If specified, overrides the default timeout for this one
            request. It may be a float (in seconds) or an instance of
            :class:`urllib3.util.Timeout`.
    
        :param pool_timeout:
            If set and the pool is set to block=True, then this method will
            block for ``pool_timeout`` seconds and raise EmptyPoolError if no
            connection is available within the time period.
    
        :param bool preload_content:
            If True, the response's body will be preloaded into memory.
    
        :param bool decode_content:
            If True, will attempt to decode the body based on the
            'content-encoding' header.
    
        :param release_conn:
            If False, then the urlopen call will not release the connection
            back into the pool once a response is received (but will release if
            you read the entire contents of the response such as when
            `preload_content=True`). This is useful if you're not preloading
            the response's content immediately. You will need to call
            ``r.release_conn()`` on the response ``r`` to return the connection
            back into the pool. If None, it takes the value of ``preload_content``
            which defaults to ``True``.
    
        :param bool chunked:
            If True, urllib3 will send the body using chunked transfer
            encoding. Otherwise, urllib3 will send the body using the standard
            content-length form. Defaults to False.
    
        :param int body_pos:
            Position to seek to in file-like body in the event of a retry or
            redirect. Typically this won't need to be set because urllib3 will
            auto-populate the value when needed.
        """
        parsed_url = parse_url(url)
        destination_scheme = parsed_url.scheme
    
        if headers is None:
            headers = self.headers
    
        if not isinstance(retries, Retry):
            retries = Retry.from_int(retries, redirect=redirect, default=self.retries)
    
        if release_conn is None:
            release_conn = preload_content
    
        # Check host
        if assert_same_host and not self.is_same_host(url):
            raise HostChangedError(self, url, retries)
    
        # Ensure that the URL we're connecting to is properly encoded
        if url.startswith("/"):
            url = to_str(_encode_target(url))
        else:
            url = to_str(parsed_url.url)
    
        conn = None
    
        # Track whether `conn` needs to be released before
        # returning/raising/recursing. Update this variable if necessary, and
        # leave `release_conn` constant throughout the function. That way, if
        # the function recurses, the original value of `release_conn` will be
        # passed down into the recursive call, and its value will be respected.
        #
        # See issue #651 [1] for details.
        #
        # [1] &lt;https://github.com/urllib3/urllib3/issues/651&gt;
        release_this_conn = release_conn
    
        http_tunnel_required = connection_requires_http_tunnel(
            self.proxy, self.proxy_config, destination_scheme
        )
    
        # Merge the proxy headers. Only done when not using HTTP CONNECT. We
        # have to copy the headers dict so we can safely change it without those
        # changes being reflected in anyone else's copy.
        if not http_tunnel_required:
            headers = headers.copy()  # type: ignore[attr-defined]
            headers.update(self.proxy_headers)  # type: ignore[union-attr]
    
        # Must keep the exception bound to a separate variable or else Python 3
        # complains about UnboundLocalError.
        err = None
    
        # Keep track of whether we cleanly exited the except block. This
        # ensures we do proper cleanup in finally.
        clean_exit = False
    
        # Rewind body position, if needed. Record current position
        # for future rewinds in the event of a redirect/retry.
        body_pos = set_file_position(body, body_pos)
    
        try:
            # Request a connection from the queue.
            timeout_obj = self._get_timeout(timeout)
            conn = self._get_conn(timeout=pool_timeout)
    
            conn.timeout = timeout_obj.connect_timeout  # type: ignore[assignment]
    
            # Is this a closed/new connection that requires CONNECT tunnelling?
            if self.proxy is not None and http_tunnel_required and conn.is_closed:
                try:
                    self._prepare_proxy(conn)
                except (BaseSSLError, OSError, SocketTimeout) as e:
                    self._raise_timeout(
                        err=e, url=self.proxy.url, timeout_value=conn.timeout
                    )
                    raise
    
            # If we're going to release the connection in ``finally:``, then
            # the response doesn't need to know about the connection. Otherwise
            # it will also try to release it and we'll have a double-release
            # mess.
            response_conn = conn if not release_conn else None
    
            # Make the request on the HTTPConnection object
&gt;           response = self._make_request(
                conn,
                method,
                url,
                timeout=timeout_obj,
                body=body,
                headers=headers,
                chunked=chunked,
                retries=retries,
                response_conn=response_conn,
                preload_content=preload_content,
                decode_content=decode_content,
                **response_kw,
            )

/root/.venv/lib/python3.11/site-packages/urllib3/connectionpool.py:787: 
_ _ _ _ _ _ _ _ _ _ _ _ _ _ _ _ _ _ _ _ _ _ _ _ _ _ _ _ _ _ _ _ _ _ _ _ _ _ _ _ 
/root/.venv/lib/python3.11/site-packages/urllib3/connectionpool.py:488: in _make_request
    raise new_e
/root/.venv/lib/python3.11/site-packages/urllib3/connectionpool.py:464: in _make_request
    self._validate_conn(conn)
/root/.venv/lib/python3.11/site-packages/urllib3/connectionpool.py:1093: in _validate_conn
    conn.connect()
/root/.venv/lib/python3.11/site-packages/urllib3/connection.py:759: in connect
    self.sock = sock = self._new_conn()
                       ^^^^^^^^^^^^^^^^
_ _ _ _ _ _ _ _ _ _ _ _ _ _ _ _ _ _ _ _ _ _ _ _ _ _ _ _ _ _ _ _ _ _ _ _ _ _ _ _ 

self = &lt;HTTPSConnection(host='design-158.preview.emergentagent.com', port=443) at 0xffea163f7950&gt;

    def _new_conn(self) -&gt; socket.socket:
        """Establish a socket connection and set nodelay settings on it.
    
        :return: New socket connection.
        """
        try:
            sock = connection.create_connection(
                (self._dns_host, self.port),
                self.timeout,
                source_address=self.source_address,
                socket_options=self.socket_options,
            )
        except socket.gaierror as e:
            raise NameResolutionError(self.host, self, e) from e
        except SocketTimeout as e:
&gt;           raise ConnectTimeoutError(
                self,
                f"Connection to {self.host} timed out. (connect timeout={self.timeout})",
            ) from e
E           urllib3.exceptions.ConnectTimeoutError: (&lt;HTTPSConnection(host='design-158.preview.emergentagent.com', port=443) at 0xffea163f7950&gt;, 'Connection to design-158.preview.emergentagent.com timed out. (connect timeout=15)')

/root/.venv/lib/python3.11/site-packages/urllib3/connection.py:213: ConnectTimeoutError

The above exception was the direct cause of the following exception:

self = &lt;requests.adapters.HTTPAdapter object at 0xffea163f5450&gt;
request = &lt;PreparedRequest [POST]&gt;, stream = False
timeout = Timeout(connect=15, read=15, total=None), verify = True, cert = None
proxies = OrderedDict()

    def send(
        self, request, stream=False, timeout=None, verify=True, cert=None, proxies=None
    ):
        """Sends PreparedRequest object. Returns Response object.
    
        :param request: The :class:`PreparedRequest &lt;PreparedRequest&gt;` being sent.
        :param stream: (optional) Whether to stream the request content.
        :param timeout: (optional) How long to wait for the server to send
            data before giving up, as a float, or a :ref:`(connect timeout,
            read timeout) &lt;timeouts&gt;` tuple.
        :type timeout: float or tuple or urllib3 Timeout object
        :param verify: (optional) Either a boolean, in which case it controls whether
            we verify the server's TLS certificate, or a string, in which case it
            must be a path to a CA bundle to use
        :param cert: (optional) Any user-provided SSL certificate to be trusted.
        :param proxies: (optional) The proxies dictionary to apply to the request.
        :rtype: requests.Response
        """
    
        try:
            conn = self.get_connection_with_tls_context(
                request, verify, proxies=proxies, cert=cert
            )
        except LocationValueError as e:
            raise InvalidURL(e, request=request)
    
        self.cert_verify(conn, request.url, verify, cert)
        url = self.request_url(request, proxies)
        self.add_headers(
            request,
            stream=stream,
            timeout=timeout,
            verify=verify,
            cert=cert,
            proxies=proxies,
        )
    
        chunked = not (request.body is None or "Content-Length" in request.headers)
    
        if isinstance(timeout, tuple):
            try:
                connect, read = timeout
                timeout = TimeoutSauce(connect=connect, read=read)
            except ValueError:
                raise ValueError(
                    f"Invalid timeout {timeout}. Pass a (connect, read) timeout tuple, "
                    f"or a single float to set both timeouts to the same value."
                )
        elif isinstance(timeout, TimeoutSauce):
            pass
        else:
            timeout = TimeoutSauce(connect=timeout, read=timeout)
    
        try:
&gt;           resp = conn.urlopen(
                method=request.method,
                url=url,
                body=request.body,
                headers=request.headers,
                redirect=False,
                assert_same_host=False,
                preload_content=False,
                decode_content=False,
                retries=self.max_retries,
                timeout=timeout,
                chunked=chunked,
            )

/root/.venv/lib/python3.11/site-packages/requests/adapters.py:645: 
_ _ _ _ _ _ _ _ _ _ _ _ _ _ _ _ _ _ _ _ _ _ _ _ _ _ _ _ _ _ _ _ _ _ _ _ _ _ _ _ 
/root/.venv/lib/python3.11/site-packages/urllib3/connectionpool.py:841: in urlopen
    retries = retries.increment(
_ _ _ _ _ _ _ _ _ _ _ _ _ _ _ _ _ _ _ _ _ _ _ _ _ _ _ _ _ _ _ _ _ _ _ _ _ _ _ _ 

self = Retry(total=0, connect=None, read=False, redirect=None, status=None)
method = 'POST', url = '/api/auth/login', response = None
error = ConnectTimeoutError(&lt;HTTPSConnection(host='design-158.preview.emergentagent.com', port=443) at 0xffea163f7950&gt;, 'Connection to design-158.preview.emergentagent.com timed out. (connect timeout=15)')
_pool = &lt;urllib3.connectionpool.HTTPSConnectionPool object at 0xffea163f6d10&gt;
_stacktrace = &lt;traceback object at 0xffea163f7500&gt;

    def increment(
        self,
        method: str | None = None,
        url: str | None = None,
        response: BaseHTTPResponse | None = None,
        error: Exception | None = None,
        _pool: ConnectionPool | None = None,
        _stacktrace: TracebackType | None = None,
    ) -&gt; Self:
        """Return a new Retry object with incremented retry counters.
    
        :param response: A response object, or None, if the server did not
            return a response.
        :type response: :class:`~urllib3.response.BaseHTTPResponse`
        :param Exception error: An error encountered during the request, or
            None if the response was received successfully.
    
        :return: A new ``Retry`` object.
        """
        if self.total is False and error:
            # Disabled, indicate to re-raise the error.
            raise reraise(type(error), error, _stacktrace)
    
        total = self.total
        if total is not None:
            total -= 1
    
        connect = self.connect
        read = self.read
        redirect = self.redirect
        status_count = self.status
        other = self.other
        cause = "unknown"
        status = None
        redirect_location = None
    
        if error and self._is_connection_error(error):
            # Connect retry?
            if connect is False:
                raise reraise(type(error), error, _stacktrace)
            elif connect is not None:
                connect -= 1
    
        elif error and self._is_read_error(error):
            # Read retry?
            if read is False or method is None or not self._is_method_retryable(method):
                raise reraise(type(error), error, _stacktrace)
            elif read is not None:
                read -= 1
    
        elif error:
            # Other retry?
            if other is not None:
                other -= 1
    
        elif response and response.get_redirect_location():
            # Redirect retry?
            if redirect is not None:
                redirect -= 1
            cause = "too many redirects"
            response_redirect_location = response.get_redirect_location()
            if response_redirect_location:
                redirect_location = response_redirect_location
            status = response.status
    
        else:
            # Incrementing because of a server error like a 500 in
            # status_forcelist and the given method is in the allowed_methods
            cause = ResponseError.GENERIC_ERROR
            if response and response.status:
                if status_count is not None:
                    status_count -= 1
                cause = ResponseError.SPECIFIC_ERROR.format(status_code=response.status)
                status = response.status
    
        history = self.history + (
            RequestHistory(method, url, error, status, redirect_location),
        )
    
        new_retry = self.new(
            total=total,
            connect=connect,
            read=read,
            redirect=redirect,
            status=status_count,
            other=other,
            history=history,
        )
    
        if new_retry.is_exhausted():
            reason = error or ResponseError(cause)
&gt;           raise MaxRetryError(_pool, url, reason) from reason  # type: ignore[arg-type]
            ^^^^^^^^^^^^^^^^^^^^^^^^^^^^^^^^^^^^^^^^^^^^^^^^^^^
E           urllib3.exceptions.MaxRetryError: HTTPSConnectionPool(host='design-158.preview.emergentagent.com', port=443): Max retries exceeded with url: /api/auth/login (Caused by ConnectTimeoutError(&lt;HTTPSConnection(host='design-158.preview.emergentagent.com', port=443) at 0xffea163f7950&gt;, 'Connection to design-158.preview.emergentagent.com timed out. (connect timeout=15)'))

/root/.venv/lib/python3.11/site-packages/urllib3/util/retry.py:535: MaxRetryError

During handling of the above exception, another exception occurred:

    @pytest.fixture(scope="session")
    def practitioner_token():
&gt;       return _login(PRACTITIONER)
               ^^^^^^^^^^^^^^^^^^^^

tests/test_phase6.py:44: 
_ _ _ _ _ _ _ _ _ _ _ _ _ _ _ _ _ _ _ _ _ _ _ _ _ _ _ _ _ _ _ _ _ _ _ _ _ _ _ _ 
tests/test_phase6.py:32: in _login
    r = requests.post(f"{API}/auth/login", json=creds, timeout=15)
        ^^^^^^^^^^^^^^^^^^^^^^^^^^^^^^^^^^^^^^^^^^^^^^^^^^^^^^^^^^
/root/.venv/lib/python3.11/site-packages/requests/api.py:115: in post
    return request("post", url, data=data, json=json, **kwargs)
           ^^^^^^^^^^^^^^^^^^^^^^^^^^^^^^^^^^^^^^^^^^^^^^^^^^^^
/root/.venv/lib/python3.11/site-packages/requests/api.py:59: in request
    return session.request(method=method, url=url, **kwargs)
           ^^^^^^^^^^^^^^^^^^^^^^^^^^^^^^^^^^^^^^^^^^^^^^^^^
/root/.venv/lib/python3.11/site-packages/requests/sessions.py:592: in request
    resp = self.send(prep, **send_kwargs)
           ^^^^^^^^^^^^^^^^^^^^^^^^^^^^^^
/root/.venv/lib/python3.11/site-packages/requests/sessions.py:706: in send
    r = adapter.send(request, **kwargs)
        ^^^^^^^^^^^^^^^^^^^^^^^^^^^^^^^
_ _ _ _ _ _ _ _ _ _ _ _ _ _ _ _ _ _ _ _ _ _ _ _ _ _ _ _ _ _ _ _ _ _ _ _ _ _ _ _ 

self = &lt;requests.adapters.HTTPAdapter object at 0xffea163f5450&gt;
request = &lt;PreparedRequest [POST]&gt;, stream = False
timeout = Timeout(connect=15, read=15, total=None), verify = True, cert = None
proxies = OrderedDict()

    def send(
        self, request, stream=False, timeout=None, verify=True, cert=None, proxies=None
    ):
        """Sends PreparedRequest object. Returns Response object.
    
        :param request: The :class:`PreparedRequest &lt;PreparedRequest&gt;` being sent.
        :param stream: (optional) Whether to stream the request content.
        :param timeout: (optional) How long to wait for the server to send
            data before giving up, as a float, or a :ref:`(connect timeout,
            read timeout) &lt;timeouts&gt;` tuple.
        :type timeout: float or tuple or urllib3 Timeout object
        :param verify: (optional) Either a boolean, in which case it controls whether
            we verify the server's TLS certificate, or a string, in which case it
            must be a path to a CA bundle to use
        :param cert: (optional) Any user-provided SSL certificate to be trusted.
        :param proxies: (optional) The proxies dictionary to apply to the request.
        :rtype: requests.Response
        """
    
        try:
            conn = self.get_connection_with_tls_context(
                request, verify, proxies=proxies, cert=cert
            )
        except LocationValueError as e:
            raise InvalidURL(e, request=request)
    
        self.cert_verify(conn, request.url, verify, cert)
        url = self.request_url(request, proxies)
        self.add_headers(
            request,
            stream=stream,
            timeout=timeout,
            verify=verify,
            cert=cert,
            proxies=proxies,
        )
    
        chunked = not (request.body is None or "Content-Length" in request.headers)
    
        if isinstance(timeout, tuple):
            try:
                connect, read = timeout
                timeout = TimeoutSauce(connect=connect, read=read)
            except ValueError:
                raise ValueError(
                    f"Invalid timeout {timeout}. Pass a (connect, read) timeout tuple, "
                    f"or a single float to set both timeouts to the same value."
                )
        elif isinstance(timeout, TimeoutSauce):
            pass
        else:
            timeout = TimeoutSauce(connect=timeout, read=timeout)
    
        try:
            resp = conn.urlopen(
                method=request.method,
                url=url,
                body=request.body,
                headers=request.headers,
                redirect=False,
                assert_same_host=False,
                preload_content=False,
                decode_content=False,
                retries=self.max_retries,
                timeout=timeout,
                chunked=chunked,
            )
    
        except (ProtocolError, OSError) as err:
            raise ConnectionError(err, request=request)
    
        except MaxRetryError as e:
            if isinstance(e.reason, ConnectTimeoutError):
                # TODO: Remove this in 3.0.0: see #2811
                if not isinstance(e.reason, NewConnectionError):
&gt;                   raise ConnectTimeout(e, request=request)
E                   requests.exceptions.ConnectTimeout: HTTPSConnectionPool(host='design-158.preview.emergentagent.com', port=443): Max retries exceeded with url: /api/auth/login (Caused by ConnectTimeoutError(&lt;HTTPSConnection(host='design-158.preview.emergentagent.com', port=443) at 0xffea163f7950&gt;, 'Connection to design-158.preview.emergentagent.com timed out. (connect timeout=15)'))

/root/.venv/lib/python3.11/site-packages/requests/adapters.py:666: ConnectTimeout</error></testcase><testcase classname="tests.test_phase6.TestVisitChat" name="test_chat_history_404_for_unknown" time="15.211" /><testcase classname="tests.test_phase6.TestVisitChat" name="test_client_cannot_read_other_visit" time="0.000"><error message="failed on setup with &quot;requests.exceptions.ConnectTimeout: HTTPSConnectionPool(host='design-158.preview.emergentagent.com', port=443): Max retries exceeded with url: /api/auth/login (Caused by ConnectTimeoutError(&lt;HTTPSConnection(host='design-158.preview.emergentagent.com', port=443) at 0xffea163f7950&gt;, 'Connection to design-158.preview.emergentagent.com timed out. (connect timeout=15)'))&quot;">self = &lt;HTTPSConnection(host='design-158.preview.emergentagent.com', port=443) at 0xffea163f7950&gt;

    def _new_conn(self) -&gt; socket.socket:
        """Establish a socket connection and set nodelay settings on it.
    
        :return: New socket connection.
        """
        try:
&gt;           sock = connection.create_connection(
                (self._dns_host, self.port),
                self.timeout,
                source_address=self.source_address,
                socket_options=self.socket_options,
            )

/root/.venv/lib/python3.11/site-packages/urllib3/connection.py:204: 
[...]
        if not http_tunnel_required:
            headers = headers.copy()  # type: ignore[attr-defined]
            headers.update(self.proxy_headers)  # type: ignore[union-attr]
    
        # Must keep the exception bound to a separate variable or else Python 3
        # complains about UnboundLocalError.
        err = None
    
        # Keep track of whether we cleanly exited the except block. This
        # ensures we do proper cleanup in finally.
        clean_exit = False
    
        # Rewind body position, if needed. Record current position
        # for future rewinds in the event of a redirect/retry.
        body_pos = set_file_position(body, body_pos)
    
        try:
            # Request a connection from the queue.
            timeout_obj = self._get_timeout(timeout)
            conn = self._get_conn(timeout=pool_timeout)
    
            conn.timeout = timeout_obj.connect_timeout  # type: ignore[assignment]
    
            # Is this a closed/new connection that requires CONNECT tunnelling?
            if self.proxy is not None and http_tunnel_required and conn.is_closed:
                try:
                    self._prepare_proxy(conn)
                except (BaseSSLError, OSError, SocketTimeout) as e:
                    self._raise_timeout(
                        err=e, url=self.proxy.url, timeout_value=conn.timeout
                    )
                    raise
    
            # If we're going to release the connection in ``finally:``, then
            # the response doesn't need to know about the connection. Otherwise
            # it will also try to release it and we'll have a double-release
            # mess.
            response_conn = conn if not release_conn else None
    
            # Make the request on the HTTPConnection object
&gt;           response = self._make_request(
                conn,
                method,
                url,
                timeout=timeout_obj,
                body=body,
                headers=headers,
                chunked=chunked,
                retries=retries,
                response_conn=response_conn,
                preload_content=preload_content,
                decode_content=decode_content,
                **response_kw,
            )

/root/.venv/lib/python3.11/site-packages/urllib3/connectionpool.py:787: 
_ _ _ _ _ _ _ _ _ _ _ _ _ _ _ _ _ _ _ _ _ _ _ _ _ _ _ _ _ _ _ _ _ _ _ _ _ _ _ _ 
/root/.venv/lib/python3.11/site-packages/urllib3/connectionpool.py:488: in _make_request
    raise new_e
/root/.venv/lib/python3.11/site-packages/urllib3/connectionpool.py:464: in _make_request
    self._validate_conn(conn)
/root/.venv/lib/python3.11/site-packages/urllib3/connectionpool.py:1093: in _validate_conn
    conn.connect()
/root/.venv/lib/python3.11/site-packages/urllib3/connection.py:759: in connect
    self.sock = sock = self._new_conn()
                       ^^^^^^^^^^^^^^^^
_ _ _ _ _ _ _ _ _ _ _ _ _ _ _ _ _ _ _ _ _ _ _ _ _ _ _ _ _ _ _ _ _ _ _ _ _ _ _ _ 

self = &lt;HTTPSConnection(host='design-158.preview.emergentagent.com', port=443) at 0xffea163f7950&gt;

    def _new_conn(self) -&gt; socket.socket:
        """Establish a socket connection and set nodelay settings on it.
    
        :return: New socket connection.
        """
        try:
            sock = connection.create_connection(
                (self._dns_host, self.port),
                self.timeout,
                source_address=self.source_address,
                socket_options=self.socket_options,
            )
        except socket.gaierror as e:
            raise NameResolutionError(self.host, self, e) from e
        except SocketTimeout as e:
&gt;           raise ConnectTimeoutError(
                self,
                f"Connection to {self.host} timed out. (connect timeout={self.timeout})",
            ) from e
E           urllib3.exceptions.ConnectTimeoutError: (&lt;HTTPSConnection(host='design-158.preview.emergentagent.com', port=443) at 0xffea163f7950&gt;, 'Connection to design-158.preview.emergentagent.com timed out. (connect timeout=15)')

/root/.venv/lib/python3.11/site-packages/urllib3/connection.py:213: ConnectTimeoutError

The above exception was the direct cause of the following exception:

self = &lt;requests.adapters.HTTPAdapter object at 0xffea163f5450&gt;
request = &lt;PreparedRequest [POST]&gt;, stream = False
timeout = Timeout(connect=15, read=15, total=None), verify = True, cert = None
proxies = OrderedDict()

    def send(
        self, request, stream=False, timeout=None, verify=True, cert=None, proxies=None
    ):
        """Sends PreparedRequest object. Returns Response object.
    
        :param request: The :class:`PreparedRequest &lt;PreparedRequest&gt;` being sent.
        :param stream: (optional) Whether to stream the request content.
        :param timeout: (optional) How long to wait for the server to send
            data before giving up, as a float, or a :ref:`(connect timeout,
            read timeout) &lt;timeouts&gt;` tuple.
        :type timeout: float or tuple or urllib3 Timeout object
        :param verify: (optional) Either a boolean, in which case it controls whether
            we verify the server's TLS certificate, or a string, in which case it
            must be a path to a CA bundle to use
        :param cert: (optional) Any user-provided SSL certificate to be trusted.
        :param proxies: (optional) The proxies dictionary to apply to the request.
        :rtype: requests.Response
        """
    
        try:
            conn = self.get_connection_with_tls_context(
                request, verify, proxies=proxies, cert=cert
            )
        except LocationValueError as e:
            raise InvalidURL(e, request=request)
    
        self.cert_verify(conn, request.url, verify, cert)
        url = self.request_url(request, proxies)
        self.add_headers(
            request,
            stream=stream,
            timeout=timeout,
            verify=verify,
            cert=cert,
            proxies=proxies,
        )
    
        chunked = not (request.body is None or "Content-Length" in request.headers)
    
        if isinstance(timeout, tuple):
            try:
                connect, read = timeout
                timeout = TimeoutSauce(connect=connect, read=read)
            except ValueError:
                raise ValueError(
                    f"Invalid timeout {timeout}. Pass a (connect, read) timeout tuple, "
                    f"or a single float to set both timeouts to the same value."
                )
        elif isinstance(timeout, TimeoutSauce):
            pass
        else:
            timeout = TimeoutSauce(connect=timeout, read=timeout)
    
        try:
&gt;           resp = conn.urlopen(
                method=request.method,
                url=url,
                body=request.body,
                headers=request.headers,
                redirect=False,
                assert_same_host=False,
                preload_content=False,
                decode_content=False,
                retries=self.max_retries,
                timeout=timeout,
                chunked=chunked,
            )

/root/.venv/lib/python3.11/site-packages/requests/adapters.py:645: 
_ _ _ _ _ _ _ _ _ _ _ _ _ _ _ _ _ _ _ _ _ _ _ _ _ _ _ _ _ _ _ _ _ _ _ _ _ _ _ _ 
/root/.venv/lib/python3.11/site-packages/urllib3/connectionpool.py:841: in urlopen
    retries = retries.increment(
_ _ _ _ _ _ _ _ _ _ _ _ _ _ _ _ _ _ _ _ _ _ _ _ _ _ _ _ _ _ _ _ _ _ _ _ _ _ _ _ 

self = Retry(total=0, connect=None, read=False, redirect=None, status=None)
method = 'POST', url = '/api/auth/login', response = None
error = ConnectTimeoutError(&lt;HTTPSConnection(host='design-158.preview.emergentagent.com', port=443) at 0xffea163f7950&gt;, 'Connection to design-158.preview.emergentagent.com timed out. (connect timeout=15)')
_pool = &lt;urllib3.connectionpool.HTTPSConnectionPool object at 0xffea163f6d10&gt;
_stacktrace = &lt;traceback object at 0xffea163f7500&gt;

    def increment(
        self,
        method: str | None = None,
        url: str | None = None,
        response: BaseHTTPResponse | None = None,
        error: Exception | None = None,
        _pool: ConnectionPool | None = None,
        _stacktrace: TracebackType | None = None,
    ) -&gt; Self:
        """Return a new Retry object with incremented retry counters.
    
        :param response: A response object, or None, if the server did not
            return a response.
        :type response: :class:`~urllib3.response.BaseHTTPResponse`
        :param Exception error: An error encountered during the request, or
            None if the response was received successfully.
    
        :return: A new ``Retry`` object.
        """
        if self.total is False and error:
            # Disabled, indicate to re-raise the error.
            raise reraise(type(error), error, _stacktrace)
    
        total = self.total
        if total is not None:
            total -= 1
    
        connect = self.connect
        read = self.read
        redirect = self.redirect
        status_count = self.status
        other = self.other
        cause = "unknown"
        status = None
        redirect_location = None
    
        if error and self._is_connection_error(error):
            # Connect retry?
            if connect is False:
                raise reraise(type(error), error, _stacktrace)
            elif connect is not None:
                connect -= 1
    
        elif error and self._is_read_error(error):
            # Read retry?
            if read is False or method is None or not self._is_method_retryable(method):
                raise reraise(type(error), error, _stacktrace)
            elif read is not None:
                read -= 1
    
        elif error:
            # Other retry?
            if other is not None:
                other -= 1
    
        elif response and response.get_redirect_location():
            # Redirect retry?
            if redirect is not None:
                redirect -= 1
            cause = "too many redirects"
            response_redirect_location = response.get_redirect_location()
            if response_redirect_location:
                redirect_location = response_redirect_location
            status = response.status
    
        else:
            # Incrementing because of a server error like a 500 in
            # status_forcelist and the given method is in the allowed_methods
            cause = ResponseError.GENERIC_ERROR
            if response and response.status:
                if status_count is not None:
                    status_count -= 1
                cause = ResponseError.SPECIFIC_ERROR.format(status_code=response.status)
                status = response.status
    
        history = self.history + (
            RequestHistory(method, url, error, status, redirect_location),
        )
    
        new_retry = self.new(
            total=total,
            connect=connect,
            read=read,
            redirect=redirect,
            status=status_count,
            other=other,
            history=history,
        )
    
        if new_retry.is_exhausted():
            reason = error or ResponseError(cause)
&gt;           raise MaxRetryError(_pool, url, reason) from reason  # type: ignore[arg-type]
            ^^^^^^^^^^^^^^^^^^^^^^^^^^^^^^^^^^^^^^^^^^^^^^^^^^^
E           urllib3.exceptions.MaxRetryError: HTTPSConnectionPool(host='design-158.preview.emergentagent.com', port=443): Max retries exceeded with url: /api/auth/login (Caused by ConnectTimeoutError(&lt;HTTPSConnection(host='design-158.preview.emergentagent.com', port=443) at 0xffea163f7950&gt;, 'Connection to design-158.preview.emergentagent.com timed out. (connect timeout=15)'))

/root/.venv/lib/python3.11/site-packages/urllib3/util/retry.py:535: MaxRetryError

During handling of the above exception, another exception occurred:

    @pytest.fixture(scope="session")
    def practitioner_token():
&gt;       return _login(PRACTITIONER)
               ^^^^^^^^^^^^^^^^^^^^

tests/test_phase6.py:44: 
_ _ _ _ _ _ _ _ _ _ _ _ _ _ _ _ _ _ _ _ _ _ _ _ _ _ _ _ _ _ _ _ _ _ _ _ _ _ _ _ 
tests/test_phase6.py:32: in _login
    r = requests.post(f"{API}/auth/login", json=creds, timeout=15)
        ^^^^^^^^^^^^^^^^^^^^^^^^^^^^^^^^^^^^^^^^^^^^^^^^^^^^^^^^^^
/root/.venv/lib/python3.11/site-packages/requests/api.py:115: in post
    return request("post", url, data=data, json=json, **kwargs)
           ^^^^^^^^^^^^^^^^^^^^^^^^^^^^^^^^^^^^^^^^^^^^^^^^^^^^
/root/.venv/lib/python3.11/site-packages/requests/api.py:59: in request
    return session.request(method=method, url=url, **kwargs)
           ^^^^^^^^^^^^^^^^^^^^^^^^^^^^^^^^^^^^^^^^^^^^^^^^^
/root/.venv/lib/python3.11/site-packages/requests/sessions.py:592: in request
    resp = self.send(prep, **send_kwargs)
           ^^^^^^^^^^^^^^^^^^^^^^^^^^^^^^
/root/.venv/lib/python3.11/site-packages/requests/sessions.py:706: in send
    r = adapter.send(request, **kwargs)
        ^^^^^^^^^^^^^^^^^^^^^^^^^^^^^^^
_ _ _ _ _ _ _ _ _ _ _ _ _ _ _ _ _ _ _ _ _ _ _ _ _ _ _ _ _ _ _ _ _ _ _ _ _ _ _ _ 

self = &lt;requests.adapters.HTTPAdapter object at 0xffea163f5450&gt;
request = &lt;PreparedRequest [POST]&gt;, stream = False
timeout = Timeout(connect=15, read=15, total=None), verify = True, cert = None
proxies = OrderedDict()

    def send(
        self, request, stream=False, timeout=None, verify=True, cert=None, proxies=None
    ):
        """Sends PreparedRequest object. Returns Response object.
    
        :param request: The :class:`PreparedRequest &lt;PreparedRequest&gt;` being sent.
        :param stream: (optional) Whether to stream the request content.
        :param timeout: (optional) How long to wait for the server to send
            data before giving up, as a float, or a :ref:`(connect timeout,
            read timeout) &lt;timeouts&gt;` tuple.
        :type timeout: float or tuple or urllib3 Timeout object
        :param verify: (optional) Either a boolean, in which case it controls whether
            we verify the server's TLS certificate, or a string, in which case it
            must be a path to a CA bundle to use
        :param cert: (optional) Any user-provided SSL certificate to be trusted.
        :param proxies: (optional) The proxies dictionary to apply to the request.
        :rtype: requests.Response
        """
    
        try:
            conn = self.get_connection_with_tls_context(
                request, verify, proxies=proxies, cert=cert
            )
        except LocationValueError as e:
            raise InvalidURL(e, request=request)
    
        self.cert_verify(conn, request.url, verify, cert)
        url = self.request_url(request, proxies)
        self.add_headers(
            request,
            stream=stream,
            timeout=timeout,
            verify=verify,
            cert=cert,
            proxies=proxies,
        )
    
        chunked = not (request.body is None or "Content-Length" in request.headers)
    
        if isinstance(timeout, tuple):
            try:
                connect, read = timeout
                timeout = TimeoutSauce(connect=connect, read=read)
            except ValueError:
                raise ValueError(
                    f"Invalid timeout {timeout}. Pass a (connect, read) timeout tuple, "
                    f"or a single float to set both timeouts to the same value."
                )
        elif isinstance(timeout, TimeoutSauce):
            pass
        else:
            timeout = TimeoutSauce(connect=timeout, read=timeout)
    
        try:
            resp = conn.urlopen(
                method=request.method,
                url=url,
                body=request.body,
                headers=request.headers,
                redirect=False,
                assert_same_host=False,
                preload_content=False,
                decode_content=False,
                retries=self.max_retries,
                timeout=timeout,
                chunked=chunked,
            )
    
        except (ProtocolError, OSError) as err:
            raise ConnectionError(err, request=request)
    
        except MaxRetryError as e:
            if isinstance(e.reason, ConnectTimeoutError):
                # TODO: Remove this in 3.0.0: see #2811
                if not isinstance(e.reason, NewConnectionError):
&gt;                   raise ConnectTimeout(e, request=request)
E                   requests.exceptions.ConnectTimeout: HTTPSConnectionPool(host='design-158.preview.emergentagent.com', port=443): Max retries exceeded with url: /api/auth/login (Caused by ConnectTimeoutError(&lt;HTTPSConnection(host='design-158.preview.emergentagent.com', port=443) at 0xffea163f7950&gt;, 'Connection to design-158.preview.emergentagent.com timed out. (connect timeout=15)'))

/root/.venv/lib/python3.11/site-packages/requests/adapters.py:666: ConnectTimeout</error></testcase><testcase classname="tests.test_phase8.TestGoogleSession" name="test_missing_header_400" time="0.122" /><testcase classname="tests.test_phase8.TestGoogleSession" name="test_invalid_session_returns_401_or_502" time="15.135" /><testcase classname="tests.test_phase8.TestCommissionRemoved" name="test_reports_commissions_404" time="1.465" /><testcase classname="tests.test_phase8.TestCommissionRemoved" name="test_treatment_commission_put_404" time="0.104" /><testcase classname="tests.test_phase8.TestPushPublicKey" name="test_public_key_matches_env" time="0.097" /><testcase classname="tests.test_phase8.TestPushSubscribe" name="test_subscribe_then_unsubscribe" time="0.298" /><testcase classname="tests.test_phase8.TestPushSubscribe" name="test_subscribe_missing_endpoint_400" time="0.098" /><testcase classname="tests.test_phase8.TestPushTriggers" name="test_appt_in_session_telehealth_no_500" time="0.712" /><testcase classname="tests.test_phase8.TestPushTriggers" name="test_message_create_pushes_to_other_no_500" time="0.878"><skipped type="pytest.skip" message="Could not create message thread in this env">/app/backend/tests/test_phase8.py:182: Could not create message thread in this env</skipped></testcase><testcase classname="tests.test_phase8.TestPushTriggers" name="test_pos_low_stock_alert_no_500" time="0.291" /><testcase classname="tests.test_phase8.TestBackgroundLoops" name="test_loops_referenced_in_source" time="0.000" /><testcase classname="tests.test_phase9.TestStaffSeed" name="test_staff_login_works" time="0.319" /><testcase classname="tests.test_phase9.TestStaffSeed" name="test_staff_token_authorizes_basic_endpoints" time="0.423" /><testcase classname="tests.test_phase9.TestAppointmentInSession" name="test_post_appointment_in_session" time="0.769" /><testcase classname="tests.test_phase9.TestAppointmentInSession" name="test_put_appointment_to_in_session" time="1.743" /><testcase classname="tests.test_phase9.TestRegressionSmoke" name="test_login_all_roles[admin-creds0]" time="0.327" /><testcase classname="tests.test_phase9.TestRegressionSmoke" name="test_login_all_roles[practitioner-creds1]" time="0.314" /><testcase classname="tests.test_phase9.TestRegressionSmoke" name="test_login_all_roles[staff-creds2]" time="0.323" /><testcase classname="tests.test_phase9.TestRegressionSmoke" name="test_login_all_roles[alt_admin-creds3]" time="0.316" /><testcase classname="tests.test_phase9.TestRegressionSmoke" name="test_admin_get_endpoints[/appointments]" time="0.191" /><testcase classname="tests.test_phase9.TestRegressionSmoke" name="test_admin_get_endpoints[/clients]" time="0.109" /><testcase classname="tests.test_phase9.TestRegressionSmoke" name="test_admin_get_endpoints[/inventory]" time="0.094" /><testcase classname="tests.test_phase9.TestRegressionSmoke" name="test_admin_get_endpoints[/treatments]" time="0.094" /><testcase classname="tests.test_phase9.TestRegressionSmoke" name="test_admin_get_endpoints[/transactions]" time="0.141" /></testsuite></testsuites>