<?xml version="1.0" encoding="utf-8"?><testsuites name="pytest tests"><testsuite name="pytest" errors="0" failures="0" skipped="0" tests="17" time="10.714" timestamp="2026-07-19T15:51:22.732971+00:00" hostname="agent-env-e9e21a84-c884-4eb5-8804-6cd87017f1dc"><testcase classname="tests.test_sprint2_refresh_family.TestOpaqueRefreshCookieDelivery" name="test_client_register_returns_no_refresh_in_body" time="0.574" /><testcase classname="tests.test_sprint2_refresh_family.TestOpaqueRefreshCookieDelivery" name="test_client_login_returns_no_refresh_in_body" time="0.598" /><testcase classname="tests.test_sprint2_refresh_family.TestOpaqueRefreshCookieDelivery" name="test_set_cookie_header_has_httponly_flag" time="0.631" /><testcase classname="tests.test_sprint2_refresh_family.TestCookiePathScoping" name="test_nms_rt_not_sent_to_non_refresh_path" time="0.333" /><testcase classname="tests.test_sprint2_refresh_family.TestAtomicRotation" name="test_refresh_rotates_access_and_cookie" time="0.397" /><testcase classname="tests.test_sprint2_refresh_family.TestConcurrencyGrace" name="test_old_cookie_within_grace_returns_409_no_family_burn" time="0.587" /><testcase classname="tests.test_sprint2_refresh_family.TestConcurrencyGrace" name="test_family_not_revoked_after_grace_409" time="0.493" /><testcase classname="tests.test_sprint2_refresh_family.TestReuseDetection" name="test_replay_after_grace_burns_family_and_session" time="0.633" /><testcase classname="tests.test_sprint2_refresh_family.TestCentralRevocation" name="test_change_password_revokes_all_sessions" time="0.987" /><testcase classname="tests.test_sprint2_refresh_family.TestCentralRevocation" name="test_logout_all_revokes_everything" time="0.521" /><testcase classname="tests.test_sprint2_refresh_family.TestCentralRevocation" name="test_list_sessions_returns_sanitized" time="0.384" /><testcase classname="tests.test_sprint2_refresh_family.TestCentralRevocation" name="test_delete_session_revokes_it" time="0.856" /><testcase classname="tests.test_sprint2_refresh_family.TestIdleBeforeTouch" name="test_idle_20min_rejects_before_touch" time="0.542" /><testcase classname="tests.test_sprint2_refresh_family.TestAbsoluteCap" name="test_absolute_expired_rejects_even_with_fresh_last_used" time="0.439" /><testcase classname="tests.test_sprint2_refresh_family.TestSessionVersionStaleness" name="test_access_token_becomes_stale_after_password_change" time="1.320" /><testcase classname="tests.test_sprint2_refresh_family.TestWorkforceSessionLimit" name="test_workforce_cap_returns_continuation_ticket" time="0.686" /><testcase classname="tests.test_sprint2_refresh_family.TestClientEvictOldest" name="test_client_login_at_cap_evicts_oldest_and_returns_notice" time="0.711" /></testsuite></testsuites>