<?xml version="1.0" encoding="utf-8"?><testsuites name="pytest tests"><testsuite name="pytest" errors="0" failures="0" skipped="0" tests="23" time="5.635" timestamp="2026-07-17T04:36:50.904275+00:00" hostname="agent-env-e9e21a84-c884-4eb5-8804-6cd87017f1dc"><testcase classname="tests.test_iter15_refactor.TestAlternateAdminLogin" name="test_tallyravello_admin_login" time="0.401" /><testcase classname="tests.test_iter15_refactor.TestAuthRoutes" name="test_admin_login" time="0.418" /><testcase classname="tests.test_iter15_refactor.TestAuthRoutes" name="test_practitioner_login" time="0.424" /><testcase classname="tests.test_iter15_refactor.TestAuthRoutes" name="test_staff_login" time="0.431" /><testcase classname="tests.test_iter15_refactor.TestAuthRoutes" name="test_auditor_login" time="0.418" /><testcase classname="tests.test_iter15_refactor.TestAuthRoutes" name="test_refresh_flow" time="0.418" /><testcase classname="tests.test_iter15_refactor.TestOpsRoutes" name="test_treatments_list" time="0.090" /><testcase classname="tests.test_iter15_refactor.TestOpsRoutes" name="test_inventory_list" time="0.098" /><testcase classname="tests.test_iter15_refactor.TestOpsRoutes" name="test_transactions_list" time="0.116" /><testcase classname="tests.test_iter15_refactor.TestOpsRoutes" name="test_front_desk_today" time="0.092" /><testcase classname="tests.test_iter15_refactor.TestOpsRoutes" name="test_time_clock_punch_in_out" time="0.206" /><testcase classname="tests.test_iter15_refactor.TestOpsRoutes" name="test_analytics_overview" time="0.095" /><testcase classname="tests.test_iter15_refactor.TestOpsRoutes" name="test_eod_cash_drawer_pdf" time="0.109" /><testcase classname="tests.test_iter15_refactor.TestOpsRoutes" name="test_pos_checkout_smoke" time="0.091" /><testcase classname="tests.test_iter15_refactor.TestTelehealthRoutes" name="test_webrtc_config" time="0.094" /><testcase classname="tests.test_iter15_refactor.TestTelehealthRoutes" name="test_telehealth_room_stub" time="0.821" /><testcase classname="tests.test_iter15_refactor.TestFormsProtocolsRoutes" name="test_form_templates_list" time="0.092" /><testcase classname="tests.test_iter15_refactor.TestFormsProtocolsRoutes" name="test_soap_templates_list" time="0.103" /><testcase classname="tests.test_iter15_refactor.TestFormsProtocolsRoutes" name="test_protocol_templates_list" time="0.096" /><testcase classname="tests.test_iter15_refactor.TestFormsProtocolsRoutes" name="test_protocol_enrollment_and_session_complete" time="0.533" /><testcase classname="tests.test_iter15_refactor.TestComplianceRoutes" name="test_baa_checklist_8_rows" time="0.097" /><testcase classname="tests.test_iter15_refactor.TestComplianceRoutes" name="test_patient_data_export_shape" time="0.097" /><testcase classname="tests.test_iter15_refactor.TestComplianceRoutes" name="test_clients_disclosures_self" time="0.198" /></testsuite></testsuites>