<?xml version="1.0" encoding="utf-8"?><testsuites name="pytest tests"><testsuite name="pytest" errors="0" failures="0" skipped="0" tests="13" time="16.310" timestamp="2026-07-19T14:57:56.339195+00:00" hostname="agent-env-e9e21a84-c884-4eb5-8804-6cd87017f1dc"><testcase classname="tests.test_iter20_amend_reason.TestAmendNoteReasonEnforcement" name="test_amend_with_empty_reason_returns_400" time="1.733" /><testcase classname="tests.test_iter20_amend_reason.TestAmendNoteReasonEnforcement" name="test_amend_with_missing_reason_key_returns_4xx" time="1.432" /><testcase classname="tests.test_iter20_amend_reason.TestAmendNoteReasonEnforcement" name="test_amend_with_whitespace_only_reason_returns_400" time="1.459" /><testcase classname="tests.test_iter20_amend_reason.TestAmendNoteReasonEnforcement" name="test_amend_with_short_reason_lt_4_chars_returns_400" time="1.435" /><testcase classname="tests.test_iter20_amend_reason.TestAmendNoteReasonEnforcement" name="test_amend_with_valid_reason_returns_200_and_persists_and_audits" time="1.435" /><testcase classname="tests.test_iter20_amend_reason.TestAmendTreatmentPlanReason" name="test_plan_amend_empty_reason_400" time="1.439" /><testcase classname="tests.test_iter20_amend_reason.TestAmendTreatmentPlanReason" name="test_plan_amend_short_reason_400" time="1.408" /><testcase classname="tests.test_iter20_amend_reason.TestAmendTreatmentPlanReason" name="test_plan_amend_valid_reason_200" time="1.436" /><testcase classname="tests.test_iter20_amend_reason.TestNotesCoreRegression" name="test_create_note_with_invalid_client_returns_404" time="0.675" /><testcase classname="tests.test_iter20_amend_reason.TestNotesCoreRegression" name="test_finalize_is_idempotent" time="1.421" /><testcase classname="tests.test_iter20_amend_reason.TestPriorUATRegression" name="test_practitioner_cannot_open_unassigned_client" time="1.346" /><testcase classname="tests.test_iter20_amend_reason.TestPriorUATRegression" name="test_auditor_cannot_upload_file" time="0.649" /><testcase classname="tests.test_iter20_amend_reason.TestPriorUATRegression" name="test_client_cannot_access_breakglass_active" time="0.409" /></testsuite></testsuites>