<?xml version="1.0" encoding="utf-8"?><testsuites name="pytest tests"><testsuite name="pytest" errors="0" failures="1" skipped="0" tests="13" time="25.924" timestamp="2026-05-05T17:20:02.567909+00:00" hostname="agent-env-e9e21a84-c884-4eb5-8804-6cd87017f1dc"><testcase classname="backend.tests.test_phase10_forms" name="test_login_all_four_roles" time="1.450" /><testcase classname="backend.tests.test_phase10_forms" name="test_clients_list" time="0.472" /><testcase classname="backend.tests.test_phase10_forms" name="test_notes_all_endpoint" time="0.114" /><testcase classname="backend.tests.test_phase10_forms" name="test_inventory_list" time="0.137" /><testcase classname="backend.tests.test_phase10_forms" name="test_appointments_list" time="0.143" /><testcase classname="backend.tests.test_phase10_forms" name="test_forms_templates_list_seeded" time="0.131" /><testcase classname="backend.tests.test_phase10_forms" name="test_forms_rbac_client_forbidden" time="0.127" /><testcase classname="backend.tests.test_phase10_forms" name="test_forms_rbac_staff_ok" time="0.486" /><testcase classname="backend.tests.test_phase10_forms" name="test_forms_rbac_practitioner_ok" time="0.455" /><testcase classname="backend.tests.test_phase10_forms" name="test_forms_generate" time="13.208" /><testcase classname="backend.tests.test_phase10_forms" name="test_forms_transcribe" time="7.788" /><testcase classname="backend.tests.test_phase10_forms" name="test_forms_crud_and_public_flow" time="0.957" /><testcase classname="backend.tests.test_phase10_forms" name="test_builtin_template_cannot_be_hard_deleted" time="0.348"><failure message="AssertionError: built-in template was hard-deleted&#10;assert []">backend/tests/test_phase10_forms.py:203: in test_builtin_template_cannot_be_hard_deleted
    assert still, "built-in template was hard-deleted"
E   AssertionError: built-in template was hard-deleted
E   assert []</failure></testcase></testsuite></testsuites>