<?xml version="1.0" encoding="utf-8"?><testsuites name="pytest tests"><testsuite name="pytest" errors="0" failures="0" skipped="0" tests="11" time="6.913" timestamp="2026-05-05T20:38:31.921883+00:00" hostname="agent-env-e9e21a84-c884-4eb5-8804-6cd87017f1dc"><testcase classname="backend.tests.test_phase14_supplements.TestSupplementSheet" name="test_admin_creates_sheet" time="0.821" /><testcase classname="backend.tests.test_phase14_supplements.TestAutoAttach" name="test_note_with_plan_referencing_sheet_creates_assignment" time="1.810" /><testcase classname="backend.tests.test_phase14_supplements.TestAutoAttach" name="test_idempotency_second_note_same_sheet" time="0.835" /><testcase classname="backend.tests.test_phase14_supplements.TestAutoAttach" name="test_note_without_reference_no_change" time="0.656" /><testcase classname="backend.tests.test_phase14_supplements.TestAutoAttach" name="test_different_sheet_in_assessment_creates_second_assignment" time="0.660" /><testcase classname="backend.tests.test_phase14_supplements.TestRBAC" name="test_client_can_get_own" time="0.121" /><testcase classname="backend.tests.test_phase14_supplements.TestRBAC" name="test_client_forbidden_other" time="0.587" /><testcase classname="backend.tests.test_phase14_supplements.TestRBAC" name="test_staff_cannot_manual_assign" time="0.481" /><testcase classname="backend.tests.test_phase14_supplements.TestManualAssignAndDelete" name="test_practitioner_manual_assign" time="0.347" /><testcase classname="backend.tests.test_phase14_supplements.TestManualAssignAndDelete" name="test_delete_assignment_soft_deletes" time="0.248" /><testcase classname="backend.tests.test_phase14_supplements.TestManualAssignAndDelete" name="test_audit_logs_present" time="0.252" /></testsuite></testsuites>