<?xml version="1.0" encoding="utf-8"?><testsuites name="pytest tests"><testsuite name="pytest" errors="0" failures="0" skipped="0" tests="18" time="6.867" timestamp="2026-07-17T03:52:04.103576+00:00" hostname="agent-env-e9e21a84-c884-4eb5-8804-6cd87017f1dc"><testcase classname="backend.tests.test_phase15_hipaa.TestSecurityHeaders" name="test_hsts_and_friends_present" time="0.227" /><testcase classname="backend.tests.test_phase15_hipaa.TestPasswordPolicy" name="test_register_rejects_weak_password" time="0.125" /><testcase classname="backend.tests.test_phase15_hipaa.TestPasswordPolicy" name="test_register_accepts_strong_password" time="0.325" /><testcase classname="backend.tests.test_phase15_hipaa.TestPasswordPolicy" name="test_change_password_rejects_short" time="0.656" /><testcase classname="backend.tests.test_phase15_hipaa.TestPasswordPolicy" name="test_change_password_accepts_strong_then_reverts" time="1.412" /><testcase classname="backend.tests.test_phase15_hipaa.TestAuditorRBAC" name="test_auditor_login_role" time="0.423" /><testcase classname="backend.tests.test_phase15_hipaa.TestAuditorRBAC" name="test_auditor_get_clients_allowed" time="0.105" /><testcase classname="backend.tests.test_phase15_hipaa.TestAuditorRBAC" name="test_auditor_post_client_forbidden" time="0.101" /><testcase classname="backend.tests.test_phase15_hipaa.TestAuditorRBAC" name="test_auditor_break_glass_audit_row_written" time="1.052" /><testcase classname="backend.tests.test_phase15_hipaa.TestPatientDataExport" name="test_client_export_success" time="0.130" /><testcase classname="backend.tests.test_phase15_hipaa.TestPatientDataExport" name="test_admin_export_forbidden" time="0.100" /><testcase classname="backend.tests.test_phase15_hipaa.TestPatientDataExport" name="test_practitioner_export_forbidden" time="0.427" /><testcase classname="backend.tests.test_phase15_hipaa.TestDisclosures" name="test_client_own_disclosures_ok" time="0.227" /><testcase classname="backend.tests.test_phase15_hipaa.TestDisclosures" name="test_client_other_disclosures_forbidden" time="0.527" /><testcase classname="backend.tests.test_phase15_hipaa.TestBAAChecklist" name="test_admin_get_baa_returns_8_rows" time="0.108" /><testcase classname="backend.tests.test_phase15_hipaa.TestBAAChecklist" name="test_practitioner_get_baa_forbidden" time="0.127" /><testcase classname="backend.tests.test_phase15_hipaa.TestBAAChecklist" name="test_staff_get_baa_forbidden" time="0.412" /><testcase classname="backend.tests.test_phase15_hipaa.TestBAAChecklist" name="test_admin_put_mark_signed" time="0.293" /></testsuite></testsuites>