<?xml version="1.0" encoding="utf-8"?><testsuites name="pytest tests"><testsuite name="pytest" errors="0" failures="0" skipped="0" tests="12" time="38.689" timestamp="2026-05-05T20:20:15.183095+00:00" hostname="agent-env-e9e21a84-c884-4eb5-8804-6cd87017f1dc"><testcase classname="backend.tests.test_phase13_library.TestLibraryClassify" name="test_classify_protocol_docx_practitioner" time="22.203" /><testcase classname="backend.tests.test_phase13_library.TestLibraryClassify" name="test_classify_hipaa_text_form_admin" time="7.526" /><testcase classname="backend.tests.test_phase13_library.TestLibraryClassify" name="test_classify_rbac_client_forbidden" time="0.543" /><testcase classname="backend.tests.test_phase13_library.TestLibraryClassify" name="test_classify_rbac_staff_allowed" time="6.056" /><testcase classname="backend.tests.test_phase13_library.TestLibrarySupplements" name="test_supplements_crud_admin" time="0.544" /><testcase classname="backend.tests.test_phase13_library.TestLibrarySupplements" name="test_supplements_get_practitioner_and_staff" time="0.292" /><testcase classname="backend.tests.test_phase13_library.TestFormsSend" name="test_send_email_channel" time="0.298" /><testcase classname="backend.tests.test_phase13_library.TestFormsSend" name="test_send_sms_channel" time="0.166" /><testcase classname="backend.tests.test_phase13_library.TestFormsSend" name="test_send_link_no_target" time="0.154" /><testcase classname="backend.tests.test_phase13_library.TestVisitRecordings" name="test_list_recordings_admin_empty" time="0.566" /><testcase classname="backend.tests.test_phase13_library.TestVisitRecordings" name="test_list_recordings_other_client_forbidden" time="0.128" /><testcase classname="backend.tests.test_phase13_library.TestVisitRecordings" name="test_download_recording_bogus_file_id" time="0.143" /></testsuite></testsuites>