<?xml version="1.0" encoding="utf-8"?><testsuites name="pytest tests"><testsuite name="pytest" errors="0" failures="0" skipped="0" tests="13" time="5.204" timestamp="2026-05-05T15:09:52.938858+00:00" hostname="agent-env-e9e21a84-c884-4eb5-8804-6cd87017f1dc"><testcase classname="backend.tests.test_phase9.TestStaffSeed" name="test_staff_login_works" time="0.420" /><testcase classname="backend.tests.test_phase9.TestStaffSeed" name="test_staff_token_authorizes_basic_endpoints" time="0.527" /><testcase classname="backend.tests.test_phase9.TestAppointmentInSession" name="test_post_appointment_in_session" time="0.871" /><testcase classname="backend.tests.test_phase9.TestAppointmentInSession" name="test_put_appointment_to_in_session" time="0.922" /><testcase classname="backend.tests.test_phase9.TestRegressionSmoke" name="test_login_all_roles[admin-creds0]" time="0.356" /><testcase classname="backend.tests.test_phase9.TestRegressionSmoke" name="test_login_all_roles[practitioner-creds1]" time="0.428" /><testcase classname="backend.tests.test_phase9.TestRegressionSmoke" name="test_login_all_roles[staff-creds2]" time="0.371" /><testcase classname="backend.tests.test_phase9.TestRegressionSmoke" name="test_login_all_roles[alt_admin-creds3]" time="0.430" /><testcase classname="backend.tests.test_phase9.TestRegressionSmoke" name="test_admin_get_endpoints[/appointments]" time="0.166" /><testcase classname="backend.tests.test_phase9.TestRegressionSmoke" name="test_admin_get_endpoints[/clients]" time="0.172" /><testcase classname="backend.tests.test_phase9.TestRegressionSmoke" name="test_admin_get_endpoints[/inventory]" time="0.163" /><testcase classname="backend.tests.test_phase9.TestRegressionSmoke" name="test_admin_get_endpoints[/treatments]" time="0.138" /><testcase classname="backend.tests.test_phase9.TestRegressionSmoke" name="test_admin_get_endpoints[/transactions]" time="0.168" /></testsuite></testsuites>