<?xml version="1.0" encoding="utf-8"?><testsuites name="pytest tests"><testsuite name="pytest" errors="0" failures="0" skipped="0" tests="17" time="6.146" timestamp="2026-05-05T00:41:03.964375+00:00" hostname="agent-env-e9e21a84-c884-4eb5-8804-6cd87017f1dc"><testcase classname="tests.test_phase6.TestEodCashDrawer" name="test_admin_returns_pdf" time="0.615" /><testcase classname="tests.test_phase6.TestEodCashDrawer" name="test_client_forbidden" time="0.619" /><testcase classname="tests.test_phase6.TestEodCashDrawer" name="test_unauth_rejected" time="0.125" /><testcase classname="tests.test_phase6.TestClientExtendedFields" name="test_create_with_extended_fields_autogen_mrn" time="0.256" /><testcase classname="tests.test_phase6.TestClientExtendedFields" name="test_explicit_mrn_preserved" time="0.145" /><testcase classname="tests.test_phase6.TestClientExtendedFields" name="test_list_clients_returns_extended_fields" time="0.109" /><testcase classname="tests.test_phase6.TestAnalyticsProviderShape" name="test_notes_by_provider_resolves_name" time="0.453" /><testcase classname="tests.test_phase6.TestVisitChat" name="test_chat_history_empty_for_new" time="0.546" /><testcase classname="tests.test_phase6.TestVisitChat" name="test_chat_history_404_for_unknown" time="0.113" /><testcase classname="tests.test_phase6.TestVisitChat" name="test_client_cannot_read_other_visit" time="0.507" /><testcase classname="tests.test_phase6.TestRecordingUpload" name="test_practitioner_uploads" time="0.114" /><testcase classname="tests.test_phase6.TestRecordingUpload" name="test_client_forbidden" time="0.136" /><testcase classname="tests.test_phase6.TestRecordingUpload" name="test_404_for_unknown" time="0.145" /><testcase classname="tests.test_phase6" name="test_ws_invalid_token_rejected" time="0.300" /><testcase classname="tests.test_phase6" name="test_ws_missing_appointment" time="0.197" /><testcase classname="tests.test_phase6" name="test_ws_provider_join_and_chat_persists" time="1.108" /><testcase classname="tests.test_phase6" name="test_ws_client_wrong_appt_rejected" time="0.584" /></testsuite></testsuites>