<?xml version="1.0" encoding="utf-8"?><testsuites name="pytest tests"><testsuite name="pytest" errors="0" failures="1" skipped="0" tests="33" time="9.288" timestamp="2026-05-04T23:38:06.840716+00:00" hostname="agent-env-e9e21a84-c884-4eb5-8804-6cd87017f1dc"><testcase classname="tests.test_phase4.TestAuthAndAccount" name="test_login_admin" time="0.402" /><testcase classname="tests.test_phase4.TestAuthAndAccount" name="test_get_me" time="0.133" /><testcase classname="tests.test_phase4.TestAuthAndAccount" name="test_profile_update" time="0.117" /><testcase classname="tests.test_phase4.TestAuthAndAccount" name="test_change_password_and_revert" time="1.509" /><testcase classname="tests.test_phase4.TestTreatments" name="test_create" time="0.110" /><testcase classname="tests.test_phase4.TestTreatments" name="test_list_includes" time="0.108" /><testcase classname="tests.test_phase4.TestTreatments" name="test_update" time="0.126" /><testcase classname="tests.test_phase4.TestTreatments" name="test_delete_admin_only" time="0.120" /><testcase classname="tests.test_phase4.TestInventory" name="test_create" time="0.103" /><testcase classname="tests.test_phase4.TestInventory" name="test_adjust" time="0.123" /><testcase classname="tests.test_phase4.TestInventory" name="test_update" time="0.121" /><testcase classname="tests.test_phase4.TestPOS" name="test_checkout_mixed" time="0.462" /><testcase classname="tests.test_phase4.TestPOS" name="test_checkout_payment_methods[cash]" time="0.126" /><testcase classname="tests.test_phase4.TestPOS" name="test_checkout_payment_methods[check]" time="0.129" /><testcase classname="tests.test_phase4.TestPOS" name="test_checkout_payment_methods[card_other]" time="0.124" /><testcase classname="tests.test_phase4.TestPOS" name="test_checkout_payment_methods[stripe]" time="0.109" /><testcase classname="tests.test_phase4.TestPOS" name="test_transactions_filter_by_client" time="0.128" /><testcase classname="tests.test_phase4.TestPOS" name="test_receipt_pdf" time="0.143" /><testcase classname="tests.test_phase4.TestTimeClock" name="test_full_cycle" time="2.759" /><testcase classname="tests.test_phase4.TestFrontDesk" name="test_check_in_walk_in" time="0.149" /><testcase classname="tests.test_phase4.TestFrontDesk" name="test_today_list" time="0.116" /><testcase classname="tests.test_phase4.TestFrontDesk" name="test_update_status_checked_out" time="0.113" /><testcase classname="tests.test_phase4.TestClientImport" name="test_csv_import_with_dedupe" time="0.149" /><testcase classname="tests.test_phase4.TestRBAC" name="test_client_forbidden[GET-/inventory]" time="0.579" /><testcase classname="tests.test_phase4.TestRBAC" name="test_client_forbidden[POST-/inventory]" time="0.125" /><testcase classname="tests.test_phase4.TestRBAC" name="test_client_forbidden[GET-/treatments]" time="0.101"><failure message="AssertionError: GET /treatments expected 403, got 200: [{&quot;name&quot;:&quot;Initial Consult&quot;,&quot;category&quot;:&quot;consult&quot;,&quot;duration_min&quot;:60,&quot;price&quot;:150.0,&quot;sku&quot;:null,&quot;description&quot;:null,&quot;active&quot;:true,&quot;id&quot;:&quot;5b4f5b19-7bfd-4f34-a70b-56f0dd77e8f3&quot;,&quot;created_at&quot;:&quot;2026-05-04T23:34:0&#10;assert 200 == 403&#10; +  where 200 = &lt;Response [200]&gt;.status_code">E   AssertionError: GET /treatments expected 403, got 200: [{"name":"Initial Consult","category":"consult","duration_min":60,"price":150.0,"sku":null,"description":null,"active":true,"id":"5b4f5b19-7bfd-4f34-a70b-56f0dd77e8f3","created_at":"2026-05-04T23:34:0
    assert 200 == 403
     +  where 200 = &lt;Response [200]&gt;.status_code</failure></testcase><testcase classname="tests.test_phase4.TestRBAC" name="test_client_forbidden[POST-/treatments]" time="0.139" /><testcase classname="tests.test_phase4.TestRBAC" name="test_client_forbidden[POST-/pos/checkout]" time="0.125" /><testcase classname="tests.test_phase4.TestRBAC" name="test_client_forbidden[GET-/transactions]" time="0.106" /><testcase classname="tests.test_phase4.TestRBAC" name="test_client_forbidden[GET-/time-clock/all]" time="0.148" /><testcase classname="tests.test_phase4.TestRBAC" name="test_client_forbidden[GET-/front-desk/today]" time="0.124" /><testcase classname="tests.test_phase4.TestRBAC" name="test_client_forbidden[POST-/front-desk/check-in]" time="0.133" /><testcase classname="tests.test_phase4.TestRBAC" name="test_client_forbidden[POST-/clients/import]" time="0.125" /></testsuite></testsuites>