<?xml version="1.0" encoding="utf-8"?><testsuites name="pytest tests"><testsuite name="pytest" errors="0" failures="0" skipped="0" tests="19" time="15.399" timestamp="2026-07-17T18:46:39.811948+00:00" hostname="agent-env-e9e21a84-c884-4eb5-8804-6cd87017f1dc"><testcase classname="tests.test_sprint1_auth_hardening.TestSessionBinding" name="test_login_creates_session_and_access_works" time="0.774" /><testcase classname="tests.test_sprint1_auth_hardening.TestSessionBinding" name="test_logout_revokes_session" time="0.580" /><testcase classname="tests.test_sprint1_auth_hardening.TestSessionBinding" name="test_two_logins_produce_independent_sessions" time="0.941" /><testcase classname="tests.test_sprint1_auth_hardening.TestSessionBinding" name="test_refresh_reuses_same_session_but_new_jti" time="0.451" /><testcase classname="tests.test_sprint1_auth_hardening.TestWorkforceMfa" name="test_admin_blocked_on_phi_until_mfa_enrolled" time="1.239" /><testcase classname="tests.test_sprint1_auth_hardening.TestWorkforceMfa" name="test_workforce_cannot_disable_mfa" time="0.827" /><testcase classname="tests.test_sprint1_auth_hardening.TestWorkforceMfa" name="test_client_can_disable_mfa" time="0.820" /><testcase classname="tests.test_sprint1_auth_hardening.TestPasswordChange" name="test_change_password_revokes_all_and_bumps_version" time="1.666" /><testcase classname="tests.test_sprint1_auth_hardening.TestPasswordReset" name="test_unknown_and_known_email_return_identical_response" time="0.572" /><testcase classname="tests.test_sprint1_auth_hardening.TestPasswordReset" name="test_reset_token_end_to_end" time="1.562" /><testcase classname="tests.test_sprint1_auth_hardening.TestPasswordReset" name="test_reset_token_is_single_use" time="1.121" /><testcase classname="tests.test_sprint1_auth_hardening.TestPasswordReset" name="test_reset_token_rejects_weak_password" time="1.013" /><testcase classname="tests.test_sprint1_auth_hardening.TestPasswordReset" name="test_reset_rate_limit_per_email" time="0.606" /><testcase classname="tests.test_sprint1_auth_hardening.TestAuditRedaction" name="test_no_raw_reset_token_in_integration_log" time="0.589" /><testcase classname="tests.test_sprint1_auth_hardening.TestGateItem2_MfaAtRestEncryption" name="test_mfa_secret_stored_as_ciphertext_not_plaintext" time="0.707" /><testcase classname="tests.test_sprint1_auth_hardening.TestGateItem2_MfaAtRestEncryption" name="test_encrypt_decrypt_roundtrip" time="0.000" /><testcase classname="tests.test_sprint1_auth_hardening.TestGateItem6_DevHelperSafety" name="test_returns_404_when_env_flag_missing" time="0.092" /><testcase classname="tests.test_sprint1_auth_hardening.TestGateItem6_DevHelperSafety" name="test_returns_404_when_hipaa_mode_on" time="0.006" /><testcase classname="tests.test_sprint1_auth_hardening.TestGateItem6_DevHelperSafety" name="test_cannot_be_activated_by_header_or_query_hackery" time="1.809" /></testsuite></testsuites>