<?xml version="1.0" encoding="utf-8"?><testsuites name="pytest tests"><testsuite name="pytest" errors="0" failures="1" skipped="2" tests="294" time="368.513" timestamp="2026-07-17T20:10:30.408603+00:00" hostname="agent-env-e9e21a84-c884-4eb5-8804-6cd87017f1dc"><testcase classname="tests.test_iter15_refactor.TestAlternateAdminLogin" name="test_tallyravello_admin_login" time="0.998" /><testcase classname="tests.test_iter15_refactor.TestAuthRoutes" name="test_admin_login" time="0.811" /><testcase classname="tests.test_iter15_refactor.TestAuthRoutes" name="test_practitioner_login" time="0.803" /><testcase classname="tests.test_iter15_refactor.TestAuthRoutes" name="test_staff_login" time="0.799" /><testcase classname="tests.test_iter15_refactor.TestAuthRoutes" name="test_auditor_login" time="0.848" /><testcase classname="tests.test_iter15_refactor.TestAuthRoutes" name="test_refresh_flow" time="0.699" /><testcase classname="tests.test_iter15_refactor.TestOpsRoutes" name="test_treatments_list" time="0.110" /><testcase classname="tests.test_iter15_refactor.TestOpsRoutes" name="test_inventory_list" time="0.161" /><testcase classname="tests.test_iter15_refactor.TestOpsRoutes" name="test_transactions_list" time="0.514" /><testcase classname="tests.test_iter15_refactor.TestOpsRoutes" name="test_front_desk_today" time="0.365" /><testcase classname="tests.test_iter15_refactor.TestOpsRoutes" name="test_time_clock_punch_in_out" time="0.672" /><testcase classname="tests.test_iter15_refactor.TestOpsRoutes" name="test_analytics_overview" time="0.142" /><testcase classname="tests.test_iter15_refactor.TestOpsRoutes" name="test_eod_cash_drawer_pdf" time="0.345" /><testcase classname="tests.test_iter15_refactor.TestOpsRoutes" name="test_pos_checkout_smoke" time="0.117" /><testcase classname="tests.test_iter15_refactor.TestTelehealthRoutes" name="test_webrtc_config" time="0.246" /><testcase classname="tests.test_iter15_refactor.TestTelehealthRoutes" name="test_telehealth_room_stub" time="1.054" /><testcase classname="tests.test_iter15_refactor.TestFormsProtocolsRoutes" name="test_form_templates_list" time="0.126" /><testcase classname="tests.test_iter15_refactor.TestFormsProtocolsRoutes" name="test_soap_templates_list" time="0.147" /><testcase classname="tests.test_iter15_refactor.TestFormsProtocolsRoutes" name="test_protocol_templates_list" time="0.140" /><testcase classname="tests.test_iter15_refactor.TestFormsProtocolsRoutes" name="test_protocol_enrollment_and_session_complete" time="1.166" /><testcase classname="tests.test_iter15_refactor.TestComplianceRoutes" name="test_baa_checklist_8_rows" time="0.241" /><testcase classname="tests.test_iter15_refactor.TestComplianceRoutes" name="test_patient_data_export_shape" time="0.123" /><testcase classname="tests.test_iter15_refactor.TestComplianceRoutes" name="test_clients_disclosures_self" time="0.429" /><testcase classname="tests.test_iter16_phase16.TestHealthIntegrations" name="test_health_has_all_4_integration_keys" time="0.270" /><testcase classname="tests.test_iter16_phase16.TestHealthIntegrations" name="test_health_llm_is_emergent_proxy_fallback" time="0.122" /><testcase classname="tests.test_iter16_phase16.TestHealthIntegrations" name="test_health_email_is_sent_stub" time="0.255" /><testcase classname="tests.test_iter16_phase16.TestHealthIntegrations" name="test_health_sms_is_sent_stub" time="0.140" /><testcase classname="tests.test_iter16_phase16.TestHealthIntegrations" name="test_health_google_oauth_direct_false" time="30.035"><failure message="requests.exceptions.ConnectTimeout: HTTPSConnectionPool(host='design-158.preview.emergentagent.com', port=443): Max retries exceeded with url: /api/health (Caused by ConnectTimeoutError(&lt;HTTPSConnection(host='design-158.preview.emergentagent.com', port=443) at 0xfab38d2d1e90&gt;, 'Connection to design-158.preview.emergentagent.com timed out. (connect timeout=15)'))">/root/.venv/lib/python3.11/site-packages/urllib3/connection.py:204: in _new_conn
    sock = connection.create_connection(
/root/.venv/lib/python3.11/site-packages/urllib3/util/connection.py:85: in create_connection
    raise err
/root/.venv/lib/python3.11/site-packages/urllib3/util/connection.py:73: in create_connection
    sock.connect(sa)
E   TimeoutError: timed out

The above exception was the direct cause of the following exception:
/root/.venv/lib/python3.11/site-packages/urllib3/connectionpool.py:787: in urlopen
    response = self._make_request(
/root/.venv/lib/python3.11/site-packages/urllib3/connectionpool.py:488: in _make_request
    raise new_e
/root/.venv/lib/python3.11/site-packages/urllib3/connectionpool.py:464: in _make_request
    self._validate_conn(conn)
/root/.venv/lib/python3.11/site-packages/urllib3/connectionpool.py:1093: in _validate_conn
    conn.connect()
/root/.venv/lib/python3.11/site-packages/urllib3/connection.py:759: in connect
    self.sock = sock = self._new_conn()
                       ^^^^^^^^^^^^^^^^
/root/.venv/lib/python3.11/site-packages/urllib3/connection.py:213: in _new_conn
    raise ConnectTimeoutError(
E   urllib3.exceptions.ConnectTimeoutError: (&lt;HTTPSConnection(host='design-158.preview.emergentagent.com', port=443) at 0xfab38d2d1e90&gt;, 'Connection to design-158.preview.emergentagent.com timed out. (connect timeout=15)')

The above exception was the direct cause of the following exception:
/root/.venv/lib/python3.11/site-packages/requests/adapters.py:645: in send
    resp = conn.urlopen(
/root/.venv/lib/python3.11/site-packages/urllib3/connectionpool.py:841: in urlopen
    retries = retries.increment(
/root/.venv/lib/python3.11/site-packages/urllib3/util/retry.py:535: in increment
    raise MaxRetryError(_pool, url, reason) from reason  # type: ignore[arg-type]
    ^^^^^^^^^^^^^^^^^^^^^^^^^^^^^^^^^^^^^^^^^^^^^^^^^^^
E   urllib3.exceptions.MaxRetryError: HTTPSConnectionPool(host='design-158.preview.emergentagent.com', port=443): Max retries exceeded with url: /api/health (Caused by ConnectTimeoutError(&lt;HTTPSConnection(host='design-158.preview.emergentagent.com', port=443) at 0xfab38d2d1e90&gt;, 'Connection to design-158.preview.emergentagent.com timed out. (connect timeout=15)'))

During handling of the above exception, another exception occurred:
tests/test_iter16_phase16.py:73: in test_health_google_oauth_direct_false
    r = requests.get(f"{BASE_URL}/api/health", timeout=15)
        ^^^^^^^^^^^^^^^^^^^^^^^^^^^^^^^^^^^^^^^^^^^^^^^^^^
/root/.venv/lib/python3.11/site-packages/requests/api.py:73: in get
    return request("get", url, params=params, **kwargs)
           ^^^^^^^^^^^^^^^^^^^^^^^^^^^^^^^^^^^^^^^^^^^^
/root/.venv/lib/python3.11/site-packages/requests/api.py:59: in request
    return session.request(method=method, url=url, **kwargs)
           ^^^^^^^^^^^^^^^^^^^^^^^^^^^^^^^^^^^^^^^^^^^^^^^^^
/root/.venv/lib/python3.11/site-packages/requests/sessions.py:592: in request
    resp = self.send(prep, **send_kwargs)
           ^^^^^^^^^^^^^^^^^^^^^^^^^^^^^^
/root/.venv/lib/python3.11/site-packages/requests/sessions.py:706: in send
    r = adapter.send(request, **kwargs)
        ^^^^^^^^^^^^^^^^^^^^^^^^^^^^^^^
/root/.venv/lib/python3.11/site-packages/requests/adapters.py:666: in send
    raise ConnectTimeout(e, request=request)
E   requests.exceptions.ConnectTimeout: HTTPSConnectionPool(host='design-158.preview.emergentagent.com', port=443): Max retries exceeded with url: /api/health (Caused by ConnectTimeoutError(&lt;HTTPSConnection(host='design-158.preview.emergentagent.com', port=443) at 0xfab38d2d1e90&gt;, 'Connection to design-158.preview.emergentagent.com timed out. (connect timeout=15)'))</failure></testcase><testcase classname="tests.test_iter16_phase16.TestGoogleOAuthDirect" name="test_authorize_returns_503_when_env_missing" time="11.350" /><testcase classname="tests.test_iter16_phase16.TestGoogleOAuthDirect" name="test_callback_returns_503_when_env_missing" time="0.314" /><testcase classname="tests.test_iter16_phase16.TestGoogleOAuthDirect" name="test_emergent_google_session_still_works_missing_header_returns_400" time="0.183" /><testcase classname="tests.test_iter16_phase16.TestLlmAbstraction" name="test_forms_transcribe_via_llm_client" time="5.108" /><testcase classname="tests.test_iter16_phase16.TestLlmAbstraction" name="test_protocols_transcribe_via_llm_client" time="6.534" /><testcase classname="tests.test_iter16_phase16.TestNotifierAbstraction" name="test_forms_send_email_returns_sent_stub" time="0.495" /><testcase classname="tests.test_iter16_phase16.TestNotifierAbstraction" name="test_forms_send_sms_returns_sent_stub" time="0.278" /><testcase classname="tests.test_iter16_phase16.TestExtractedRouterEndpoints" name="test_router_clients" time="0.847" /><testcase classname="tests.test_iter16_phase16.TestExtractedRouterEndpoints" name="test_router_admin_dashboard_stats" time="0.313" /><testcase classname="tests.test_iter16_phase16.TestExtractedRouterEndpoints" name="test_router_admin_audit" time="0.322" /><testcase classname="tests.test_iter16_phase16.TestExtractedRouterEndpoints" name="test_router_appointments_list" time="0.336" /><testcase classname="tests.test_iter16_phase16.TestExtractedRouterEndpoints" name="test_router_practitioners_list" time="0.476" /><testcase classname="tests.test_iter16_phase16.TestExtractedRouterEndpoints" name="test_router_memberships_list" time="0.121" /><testcase classname="tests.test_iter16_phase16.TestExtractedRouterEndpoints" name="test_router_invoices_list" time="0.208" /><testcase classname="tests.test_iter16_phase16.TestExtractedRouterEndpoints" name="test_router_treatment_plans_list" time="0.304" /><testcase classname="tests.test_iter16_phase16.TestExtractedRouterEndpoints" name="test_router_reminder_settings" time="0.160" /><testcase classname="tests.test_iter16_phase16.TestExtractedRouterEndpoints" name="test_router_symptom_presets" time="0.115" /><testcase classname="tests.test_iter16_phase16.TestExtractedRouterEndpoints" name="test_router_labs_presets" time="0.289" /><testcase classname="tests.test_iter16_phase16.TestExtractedRouterEndpoints" name="test_router_messages_threads" time="0.116" /><testcase classname="tests.test_iter16_phase16.TestExtractedRouterEndpoints" name="test_router_ops_treatments" time="0.120" /><testcase classname="tests.test_iter16_phase16.TestExtractedRouterEndpoints" name="test_router_ops_inventory" time="0.188" /><testcase classname="tests.test_iter16_phase16.TestExtractedRouterEndpoints" name="test_router_ops_transactions" time="0.312" /><testcase classname="tests.test_iter16_phase16.TestExtractedRouterEndpoints" name="test_router_ops_time_clock_current" time="0.272" /><testcase classname="tests.test_iter16_phase16.TestExtractedRouterEndpoints" name="test_router_ops_front_desk_today" time="0.171" /><testcase classname="tests.test_iter16_phase16.TestExtractedRouterEndpoints" name="test_router_ops_analytics_overview" time="0.229" /><testcase classname="tests.test_iter16_phase16.TestExtractedRouterEndpoints" name="test_router_telehealth_webrtc_config" time="0.351" /><testcase classname="tests.test_iter16_phase16.TestExtractedRouterEndpoints" name="test_router_forms_templates" time="0.117" /><testcase classname="tests.test_iter16_phase16.TestExtractedRouterEndpoints" name="test_router_soap_templates" time="0.117" /><testcase classname="tests.test_iter16_phase16.TestExtractedRouterEndpoints" name="test_router_protocols_templates" time="0.107" /><testcase classname="tests.test_iter16_phase16.TestExtractedRouterEndpoints" name="test_router_compliance_baa_checklist" time="0.267" /><testcase classname="tests.test_iter16_phase16.TestNistPasswordValidator" name="test_change_password_short_returns_400_not_422" time="0.418" /><testcase classname="tests.test_iter16_phase16.TestNistPasswordValidator" name="test_change_password_common_password_returns_400" time="0.548" /><testcase classname="tests.test_phase10_forms" name="test_login_all_four_roles" time="3.049" /><testcase classname="tests.test_phase10_forms" name="test_clients_list" time="0.944" /><testcase classname="tests.test_phase10_forms" name="test_notes_all_endpoint" time="0.141" /><testcase classname="tests.test_phase10_forms" name="test_inventory_list" time="0.309" /><testcase classname="tests.test_phase10_forms" name="test_appointments_list" time="0.292" /><testcase classname="tests.test_phase10_forms" name="test_forms_templates_list_seeded" time="0.102" /><testcase classname="tests.test_phase10_forms" name="test_forms_rbac_client_forbidden" time="0.105" /><testcase classname="tests.test_phase10_forms" name="test_forms_rbac_staff_ok" time="0.927" /><testcase classname="tests.test_phase10_forms" name="test_forms_rbac_practitioner_ok" time="0.930" /><testcase classname="tests.test_phase10_forms" name="test_forms_generate" time="10.490" /><testcase classname="tests.test_phase10_forms" name="test_forms_transcribe" time="9.027" /><testcase classname="tests.test_phase10_forms" name="test_forms_crud_and_public_flow" time="1.749" /><testcase classname="tests.test_phase10_forms" name="test_builtin_template_cannot_be_hard_deleted" time="0.628" /><testcase classname="tests.test_phase11_soap_protocols.TestSoapTemplates" name="test_seeded_templates_present" time="1.275" /><testcase classname="tests.test_phase11_soap_protocols.TestSoapTemplates" name="test_practitioner_can_create" time="2.924" /><testcase classname="tests.test_phase11_soap_protocols.TestSoapTemplates" name="test_staff_cannot_create" time="1.003" /><testcase classname="tests.test_phase11_soap_protocols.TestSoapTemplates" name="test_client_cannot_create" time="1.341" /><testcase classname="tests.test_phase11_soap_protocols.TestSoapTemplates" name="test_staff_cannot_delete" time="0.346" /><testcase classname="tests.test_phase11_soap_protocols.TestNotesAllFilter" name="test_practitioner_id_filter" time="0.421" /><testcase classname="tests.test_phase11_soap_protocols.TestProtocolTemplates" name="test_builtin_detox_seeded" time="0.119" /><testcase classname="tests.test_phase11_soap_protocols.TestProtocolEnrollments" name="test_create_accept_session_complete_flow" time="2.620" /><testcase classname="tests.test_phase11_soap_protocols.TestProtocolEnrollments" name="test_decline_flow" time="0.761" /><testcase classname="tests.test_phase11_soap_protocols.TestProtocolEnrollments" name="test_staff_cannot_create_enrollment" time="0.251" /><testcase classname="tests.test_phase11_soap_protocols.TestProtocolEnrollments" name="test_client_cannot_see_others" time="0.682" /><testcase classname="tests.test_phase12_protocols_ai.TestAuthLoginSmoke" name="test_admin_login" time="0.678" /><testcase classname="tests.test_phase12_protocols_ai.TestAuthLoginSmoke" name="test_practitioner_login" time="0.687" /><testcase classname="tests.test_phase12_protocols_ai.TestAuthLoginSmoke" name="test_staff_login" time="0.722" /><testcase classname="tests.test_phase12_protocols_ai.TestAuthLoginSmoke" name="test_alt_admin_login" time="0.696" /><testcase classname="tests.test_phase12_protocols_ai.TestProtocolGenerate" name="test_generate_as_practitioner_returns_valid_draft" time="41.296" /><testcase classname="tests.test_phase12_protocols_ai.TestProtocolGenerate" name="test_generate_as_staff_forbidden" time="0.968" /><testcase classname="tests.test_phase12_protocols_ai.TestProtocolGenerate" name="test_generate_as_client_forbidden" time="0.474" /><testcase classname="tests.test_phase12_protocols_ai.TestProtocolTranscribe" name="test_transcribe_docx_as_practitioner" time="14.485" /><testcase classname="tests.test_phase12_protocols_ai.TestProtocolTranscribe" name="test_transcribe_as_staff_forbidden" time="0.194" /><testcase classname="tests.test_phase12_protocols_ai.TestProtocolTranscribe" name="test_transcribe_as_client_forbidden" time="0.173" /><testcase classname="tests.test_phase12_protocols_ai.TestRegressionSmoke" name="test_protocols_templates_list" time="0.900" /><testcase classname="tests.test_phase12_protocols_ai.TestRegressionSmoke" name="test_forms_transcribe_still_works_regression" time="22.286" /><testcase classname="tests.test_phase12_protocols_ai.TestRegressionSmoke" name="test_protocols_enrollments_create" time="0.464" /><testcase classname="tests.test_phase13_library.TestLibraryClassify" name="test_classify_protocol_docx_practitioner" time="19.070" /><testcase classname="tests.test_phase13_library.TestLibraryClassify" name="test_classify_hipaa_text_form_admin" time="17.665" /><testcase classname="tests.test_phase13_library.TestLibraryClassify" name="test_classify_rbac_client_forbidden" time="0.665" /><testcase classname="tests.test_phase13_library.TestLibraryClassify" name="test_classify_rbac_staff_allowed" time="6.166" /><testcase classname="tests.test_phase13_library.TestLibrarySupplements" name="test_supplements_crud_admin" time="0.434" /><testcase classname="tests.test_phase13_library.TestLibrarySupplements" name="test_supplements_get_practitioner_and_staff" time="0.704" /><testcase classname="tests.test_phase13_library.TestFormsSend" name="test_send_email_channel" time="0.235" /><testcase classname="tests.test_phase13_library.TestFormsSend" name="test_send_sms_channel" time="0.118" /><testcase classname="tests.test_phase13_library.TestFormsSend" name="test_send_link_no_target" time="0.118" /><testcase classname="tests.test_phase13_library.TestVisitRecordings" name="test_list_recordings_admin_empty" time="0.575" /><testcase classname="tests.test_phase13_library.TestVisitRecordings" name="test_list_recordings_other_client_forbidden" time="0.149" /><testcase classname="tests.test_phase13_library.TestVisitRecordings" name="test_download_recording_bogus_file_id" time="0.152" /><testcase classname="tests.test_phase14_supplements.TestSupplementSheet" name="test_admin_creates_sheet" time="0.814" /><testcase classname="tests.test_phase14_supplements.TestAutoAttach" name="test_note_with_plan_referencing_sheet_creates_assignment" time="2.142" /><testcase classname="tests.test_phase14_supplements.TestAutoAttach" name="test_idempotency_second_note_same_sheet" time="0.742" /><testcase classname="tests.test_phase14_supplements.TestAutoAttach" name="test_note_without_reference_no_change" time="0.631" /><testcase classname="tests.test_phase14_supplements.TestAutoAttach" name="test_different_sheet_in_assessment_creates_second_assignment" time="0.707" /><testcase classname="tests.test_phase14_supplements.TestRBAC" name="test_client_can_get_own" time="0.117" /><testcase classname="tests.test_phase14_supplements.TestRBAC" name="test_client_forbidden_other" time="0.598" /><testcase classname="tests.test_phase14_supplements.TestRBAC" name="test_staff_cannot_manual_assign" time="0.824" /><testcase classname="tests.test_phase14_supplements.TestManualAssignAndDelete" name="test_practitioner_manual_assign" time="0.233" /><testcase classname="tests.test_phase14_supplements.TestManualAssignAndDelete" name="test_delete_assignment_soft_deletes" time="0.242" /><testcase classname="tests.test_phase14_supplements.TestManualAssignAndDelete" name="test_audit_logs_present" time="0.240" /><testcase classname="tests.test_phase15_hipaa.TestSecurityHeaders" name="test_hsts_and_friends_present" time="0.148" /><testcase classname="tests.test_phase15_hipaa.TestPasswordPolicy" name="test_register_rejects_weak_password" time="0.124" /><testcase classname="tests.test_phase15_hipaa.TestPasswordPolicy" name="test_register_accepts_strong_password" time="0.364" /><testcase classname="tests.test_phase15_hipaa.TestPasswordPolicy" name="test_change_password_rejects_short" time="0.762" /><testcase classname="tests.test_phase15_hipaa.TestPasswordPolicy" name="test_change_password_accepts_strong_then_reverts" time="1.838" /><testcase classname="tests.test_phase15_hipaa.TestAuditorRBAC" name="test_auditor_login_role" time="0.795" /><testcase classname="tests.test_phase15_hipaa.TestAuditorRBAC" name="test_auditor_get_clients_allowed" time="0.150" /><testcase classname="tests.test_phase15_hipaa.TestAuditorRBAC" name="test_auditor_post_client_forbidden" time="0.115" /><testcase classname="tests.test_phase15_hipaa.TestAuditorRBAC" name="test_auditor_break_glass_audit_row_written" time="1.685" /><testcase classname="tests.test_phase15_hipaa.TestPatientDataExport" name="test_client_export_success" time="0.153" /><testcase classname="tests.test_phase15_hipaa.TestPatientDataExport" name="test_admin_export_forbidden" time="0.147" /><testcase classname="tests.test_phase15_hipaa.TestPatientDataExport" name="test_practitioner_export_forbidden" time="0.786" /><testcase classname="tests.test_phase15_hipaa.TestDisclosures" name="test_client_own_disclosures_ok" time="0.275" /><testcase classname="tests.test_phase15_hipaa.TestDisclosures" name="test_client_other_disclosures_forbidden" time="0.594" /><testcase classname="tests.test_phase15_hipaa.TestBAAChecklist" name="test_admin_get_baa_returns_8_rows" time="0.149" /><testcase classname="tests.test_phase15_hipaa.TestBAAChecklist" name="test_practitioner_get_baa_forbidden" time="0.113" /><testcase classname="tests.test_phase15_hipaa.TestBAAChecklist" name="test_staff_get_baa_forbidden" time="0.836" /><testcase classname="tests.test_phase15_hipaa.TestBAAChecklist" name="test_admin_put_mark_signed" time="0.361" /><testcase classname="tests.test_phase4.TestAuthAndAccount" name="test_login_admin" time="0.659" /><testcase classname="tests.test_phase4.TestAuthAndAccount" name="test_get_me" time="0.126" /><testcase classname="tests.test_phase4.TestAuthAndAccount" name="test_profile_update" time="0.116" /><testcase classname="tests.test_phase4.TestAuthAndAccount" name="test_change_password_and_revert" time="1.960" /><testcase classname="tests.test_phase4.TestTreatments" name="test_create" time="0.123" /><testcase classname="tests.test_phase4.TestTreatments" name="test_list_includes" time="0.115" /><testcase classname="tests.test_phase4.TestTreatments" name="test_update" time="0.119" /><testcase classname="tests.test_phase4.TestTreatments" name="test_delete_admin_only" time="0.128" /><testcase classname="tests.test_phase4.TestInventory" name="test_create" time="0.180" /><testcase classname="tests.test_phase4.TestInventory" name="test_adjust" time="0.138" /><testcase classname="tests.test_phase4.TestInventory" name="test_update" time="0.107" /><testcase classname="tests.test_phase4.TestPOS" name="test_checkout_mixed" time="0.560" /><testcase classname="tests.test_phase4.TestPOS" name="test_checkout_payment_methods[cash]" time="0.118" /><testcase classname="tests.test_phase4.TestPOS" name="test_checkout_payment_methods[check]" time="0.118" /><testcase classname="tests.test_phase4.TestPOS" name="test_checkout_payment_methods[card_other]" time="0.122" /><testcase classname="tests.test_phase4.TestPOS" name="test_checkout_payment_methods[stripe]" time="0.134" /><testcase classname="tests.test_phase4.TestPOS" name="test_transactions_filter_by_client" time="0.190" /><testcase classname="tests.test_phase4.TestPOS" name="test_receipt_pdf" time="0.126" /><testcase classname="tests.test_phase4.TestTimeClock" name="test_full_cycle" time="2.889" /><testcase classname="tests.test_phase4.TestFrontDesk" name="test_check_in_walk_in" time="0.133" /><testcase classname="tests.test_phase4.TestFrontDesk" name="test_today_list" time="0.130" /><testcase classname="tests.test_phase4.TestFrontDesk" name="test_update_status_checked_out" time="0.130" /><testcase classname="tests.test_phase4.TestClientImport" name="test_csv_import_with_dedupe" time="20.164" /><testcase classname="tests.test_phase4.TestRBAC" name="test_client_forbidden[GET-/inventory]" time="7.879" /><testcase classname="tests.test_phase4.TestRBAC" name="test_client_forbidden[POST-/inventory]" time="0.125" /><testcase classname="tests.test_phase4.TestRBAC" name="test_client_forbidden[GET-/treatments]" time="0.134" /><testcase classname="tests.test_phase4.TestRBAC" name="test_client_forbidden[POST-/treatments]" time="0.124" /><testcase classname="tests.test_phase4.TestRBAC" name="test_client_forbidden[POST-/pos/checkout]" time="0.114" /><testcase classname="tests.test_phase4.TestRBAC" name="test_client_forbidden[GET-/transactions]" time="0.124" /><testcase classname="tests.test_phase4.TestRBAC" name="test_client_forbidden[GET-/time-clock/all]" time="0.136" /><testcase classname="tests.test_phase4.TestRBAC" name="test_client_forbidden[GET-/front-desk/today]" time="0.116" /><testcase classname="tests.test_phase4.TestRBAC" name="test_client_forbidden[POST-/front-desk/check-in]" time="0.152" /><testcase classname="tests.test_phase4.TestRBAC" name="test_client_forbidden[POST-/clients/import]" time="0.117" /><testcase classname="tests.test_phase5.TestAnalyticsOverview" name="test_admin_default_30" time="0.792" /><testcase classname="tests.test_phase5.TestAnalyticsOverview" name="test_admin_window_sizes[7]" time="0.143" /><testcase classname="tests.test_phase5.TestAnalyticsOverview" name="test_admin_window_sizes[30]" time="0.127" /><testcase classname="tests.test_phase5.TestAnalyticsOverview" name="test_admin_window_sizes[90]" time="0.138" /><testcase classname="tests.test_phase5.TestAnalyticsOverview" name="test_admin_window_sizes[365]" time="0.110" /><testcase classname="tests.test_phase5.TestAnalyticsOverview" name="test_practitioner_allowed" time="0.817" /><testcase classname="tests.test_phase5.TestAnalyticsOverview" name="test_client_forbidden" time="0.591" /><testcase classname="tests.test_phase5.TestAnalyticsOverview" name="test_unauthenticated_blocked" time="0.184" /><testcase classname="tests.test_phase5.TestPhase4Smoke" name="test_login_admin" time="0.683" /><testcase classname="tests.test_phase5.TestPhase4Smoke" name="test_treatments_admin_list" time="0.113" /><testcase classname="tests.test_phase5.TestPhase4Smoke" name="test_treatments_client_forbidden" time="0.566" /><testcase classname="tests.test_phase5.TestPhase4Smoke" name="test_inventory_list" time="0.137" /><testcase classname="tests.test_phase5.TestPhase4Smoke" name="test_transactions_list" time="0.222" /><testcase classname="tests.test_phase5.TestPhase4Smoke" name="test_timeclock_status" time="0.117" /><testcase classname="tests.test_phase5.TestPhase4Smoke" name="test_frontdesk_today" time="0.138" /><testcase classname="tests.test_phase5.TestPhase4Smoke" name="test_appointments_list" time="0.390" /><testcase classname="tests.test_phase5.TestPWAAssets" name="test_manifest_reachable" time="0.113" /><testcase classname="tests.test_phase5.TestPWAAssets" name="test_service_worker_reachable" time="0.115" /><testcase classname="tests.test_phase5.TestPWAAssets" name="test_icon_192_reachable" time="0.126" /><testcase classname="tests.test_phase5.TestPWAAssets" name="test_icon_512_reachable" time="0.121" /><testcase classname="tests.test_phase6.TestEodCashDrawer" name="test_admin_returns_pdf" time="0.876" /><testcase classname="tests.test_phase6.TestEodCashDrawer" name="test_client_forbidden" time="0.625" /><testcase classname="tests.test_phase6.TestEodCashDrawer" name="test_unauth_rejected" time="0.137" /><testcase classname="tests.test_phase6.TestClientExtendedFields" name="test_create_with_extended_fields_autogen_mrn" time="0.237" /><testcase classname="tests.test_phase6.TestClientExtendedFields" name="test_explicit_mrn_preserved" time="0.201" /><testcase classname="tests.test_phase6.TestClientExtendedFields" name="test_list_clients_returns_extended_fields" time="0.221" /><testcase classname="tests.test_phase6.TestAnalyticsProviderShape" name="test_notes_by_provider_resolves_name" time="0.849" /><testcase classname="tests.test_phase6.TestVisitChat" name="test_chat_history_empty_for_new" time="0.543" /><testcase classname="tests.test_phase6.TestVisitChat" name="test_chat_history_404_for_unknown" time="0.181" /><testcase classname="tests.test_phase6.TestVisitChat" name="test_client_cannot_read_other_visit" time="0.470" /><testcase classname="tests.test_phase6.TestRecordingUpload" name="test_practitioner_uploads" time="0.135" /><testcase classname="tests.test_phase6.TestRecordingUpload" name="test_client_forbidden" time="0.120" /><testcase classname="tests.test_phase6.TestRecordingUpload" name="test_404_for_unknown" time="0.154" /><testcase classname="tests.test_phase6" name="test_ws_invalid_token_rejected" time="0.184" /><testcase classname="tests.test_phase6" name="test_ws_missing_appointment" time="0.182" /><testcase classname="tests.test_phase6" name="test_ws_provider_join_and_chat_persists" time="0.992" /><testcase classname="tests.test_phase6" name="test_ws_client_wrong_appt_rejected" time="0.597" /><testcase classname="tests.test_phase7.TestWsTicket" name="test_admin_can_issue" time="2.471" /><testcase classname="tests.test_phase7.TestWsTicket" name="test_unknown_appt_404" time="0.158" /><testcase classname="tests.test_phase7.TestWsTicket" name="test_client_can_issue_for_own_appt" time="0.113" /><testcase classname="tests.test_phase7.TestWsTicket" name="test_client_forbidden_for_others_appt" time="0.498" /><testcase classname="tests.test_phase7" name="test_ws_ticket_single_use" time="0.583" /><testcase classname="tests.test_phase7" name="test_ws_invalid_ticket" time="0.156" /><testcase classname="tests.test_phase7" name="test_ws_legacy_token_still_works" time="0.284" /><testcase classname="tests.test_phase7.TestWebrtcConfig" name="test_returns_stun" time="0.123" /><testcase classname="tests.test_phase7.TestWebrtcConfig" name="test_turn_included_when_env_set" time="0.140" /><testcase classname="tests.test_phase7.TestLiveSoap" name="test_put_get_round_trip" time="0.425" /><testcase classname="tests.test_phase7.TestLiveSoap" name="test_client_forbidden" time="0.142" /><testcase classname="tests.test_phase7.TestAutoDraft" name="test_returns_soap_shape" time="0.136" /><testcase classname="tests.test_phase7.TestAutoDraft" name="test_client_forbidden" time="0.142" /><testcase classname="tests.test_phase7.TestLlmSoap" name="test_llm_returns_soap" time="0.006"><skipped type="pytest.skip" message="EMERGENT_LLM_KEY not set">/app/backend/tests/test_phase7.py:269: EMERGENT_LLM_KEY not set</skipped></testcase><testcase classname="tests.test_phase7.TestLlmSoap" name="test_client_forbidden" time="0.120" /><testcase classname="tests.test_phase7.TestRecurrence" name="test_weekly_creates_4" time="0.261" /><testcase classname="tests.test_phase7.TestRecurrence" name="test_unknown_appt_404" time="0.112" /><testcase classname="tests.test_phase7.TestInventoryLots" name="test_add_lot_increments_stock" time="0.494" /><testcase classname="tests.test_phase7.TestInventoryLots" name="test_expiring_includes_item" time="0.151" /><testcase classname="tests.test_phase7.TestInventoryLots" name="test_unknown_item_404" time="0.210" /><testcase classname="tests.test_phase7.TestCommissionRemoved" name="test_set_commission_returns_404" time="0.133" /><testcase classname="tests.test_phase7.TestCommissionRemoved" name="test_report_returns_404" time="0.138" /><testcase classname="tests.test_phase7.TestPush" name="test_public_key" time="0.129" /><testcase classname="tests.test_phase7.TestPush" name="test_subscribe_and_unsubscribe_nested" time="8.679" /><testcase classname="tests.test_phase7.TestPush" name="test_subscribe_flat_shape" time="0.223" /><testcase classname="tests.test_phase7.TestPush" name="test_subscribe_missing_endpoint" time="0.127" /><testcase classname="tests.test_phase8.TestGoogleSession" name="test_missing_header_400" time="0.138" /><testcase classname="tests.test_phase8.TestGoogleSession" name="test_invalid_session_returns_401_or_502" time="0.246" /><testcase classname="tests.test_phase8.TestCommissionRemoved" name="test_reports_commissions_404" time="1.563" /><testcase classname="tests.test_phase8.TestCommissionRemoved" name="test_treatment_commission_put_404" time="0.114" /><testcase classname="tests.test_phase8.TestPushPublicKey" name="test_public_key_matches_env" time="0.127" /><testcase classname="tests.test_phase8.TestPushSubscribe" name="test_subscribe_then_unsubscribe" time="0.421" /><testcase classname="tests.test_phase8.TestPushSubscribe" name="test_subscribe_missing_endpoint_400" time="0.112" /><testcase classname="tests.test_phase8.TestPushTriggers" name="test_appt_in_session_telehealth_no_500" time="1.173" /><testcase classname="tests.test_phase8.TestPushTriggers" name="test_message_create_pushes_to_other_no_500" time="0.405"><skipped type="pytest.skip" message="Could not create message thread in this env">/app/backend/tests/test_phase8.py:182: Could not create message thread in this env</skipped></testcase><testcase classname="tests.test_phase8.TestPushTriggers" name="test_pos_low_stock_alert_no_500" time="0.420" /><testcase classname="tests.test_phase8.TestBackgroundLoops" name="test_loops_referenced_in_source" time="0.005" /><testcase classname="tests.test_phase9.TestStaffSeed" name="test_staff_login_works" time="0.715" /><testcase classname="tests.test_phase9.TestStaffSeed" name="test_staff_token_authorizes_basic_endpoints" time="1.890" /><testcase classname="tests.test_phase9.TestAppointmentInSession" name="test_post_appointment_in_session" time="1.225" /><testcase classname="tests.test_phase9.TestAppointmentInSession" name="test_put_appointment_to_in_session" time="0.970" /><testcase classname="tests.test_phase9.TestRegressionSmoke" name="test_login_all_roles[admin-creds0]" time="0.740" /><testcase classname="tests.test_phase9.TestRegressionSmoke" name="test_login_all_roles[practitioner-creds1]" time="0.722" /><testcase classname="tests.test_phase9.TestRegressionSmoke" name="test_login_all_roles[staff-creds2]" time="0.712" /><testcase classname="tests.test_phase9.TestRegressionSmoke" name="test_login_all_roles[alt_admin-creds3]" time="0.697" /><testcase classname="tests.test_phase9.TestRegressionSmoke" name="test_admin_get_endpoints[/appointments]" time="0.355" /><testcase classname="tests.test_phase9.TestRegressionSmoke" name="test_admin_get_endpoints[/clients]" time="0.153" /><testcase classname="tests.test_phase9.TestRegressionSmoke" name="test_admin_get_endpoints[/inventory]" time="0.136" /><testcase classname="tests.test_phase9.TestRegressionSmoke" name="test_admin_get_endpoints[/treatments]" time="0.127" /><testcase classname="tests.test_phase9.TestRegressionSmoke" name="test_admin_get_endpoints[/transactions]" time="0.214" /><testcase classname="tests.test_sprint1_auth_hardening.TestSessionBinding" name="test_login_creates_session_and_access_works" time="0.949" /><testcase classname="tests.test_sprint1_auth_hardening.TestSessionBinding" name="test_logout_revokes_session" time="0.611" /><testcase classname="tests.test_sprint1_auth_hardening.TestSessionBinding" name="test_two_logins_produce_independent_sessions" time="0.977" /><testcase classname="tests.test_sprint1_auth_hardening.TestSessionBinding" name="test_refresh_reuses_same_session_but_new_jti" time="0.692" /><testcase classname="tests.test_sprint1_auth_hardening.TestWorkforceMfa" name="test_admin_blocked_on_phi_until_mfa_enrolled" time="1.569" /><testcase classname="tests.test_sprint1_auth_hardening.TestWorkforceMfa" name="test_workforce_cannot_disable_mfa" time="0.826" /><testcase classname="tests.test_sprint1_auth_hardening.TestWorkforceMfa" name="test_client_can_disable_mfa" time="0.752" /><testcase classname="tests.test_sprint1_auth_hardening.TestPasswordChange" name="test_change_password_revokes_all_and_bumps_version" time="1.766" /><testcase classname="tests.test_sprint1_auth_hardening.TestPasswordReset" name="test_unknown_and_known_email_return_identical_response" time="0.613" /><testcase classname="tests.test_sprint1_auth_hardening.TestPasswordReset" name="test_reset_token_end_to_end" time="1.627" /><testcase classname="tests.test_sprint1_auth_hardening.TestPasswordReset" name="test_reset_token_is_single_use" time="1.019" /><testcase classname="tests.test_sprint1_auth_hardening.TestPasswordReset" name="test_reset_token_rejects_weak_password" time="1.405" /><testcase classname="tests.test_sprint1_auth_hardening.TestPasswordReset" name="test_reset_rate_limit_per_email" time="0.676" /><testcase classname="tests.test_sprint1_auth_hardening.TestAuditRedaction" name="test_no_raw_reset_token_in_integration_log" time="0.544" /><testcase classname="tests.test_sprint1_auth_hardening.TestGateItem2_MfaAtRestEncryption" name="test_mfa_secret_stored_as_ciphertext_not_plaintext" time="0.719" /><testcase classname="tests.test_sprint1_auth_hardening.TestGateItem2_MfaAtRestEncryption" name="test_encrypt_decrypt_roundtrip" time="0.004" /><testcase classname="tests.test_sprint1_auth_hardening.TestGateItem6_DevHelperSafety" name="test_returns_404_when_env_flag_missing" time="0.095" /><testcase classname="tests.test_sprint1_auth_hardening.TestGateItem6_DevHelperSafety" name="test_returns_404_when_hipaa_mode_on" time="0.009" /><testcase classname="tests.test_sprint1_auth_hardening.TestGateItem6_DevHelperSafety" name="test_cannot_be_activated_by_header_or_query_hackery" time="1.949" /><testcase classname="tests.test_sprint2_refresh_family.TestOpaqueRefreshCookieDelivery" name="test_client_register_returns_no_refresh_in_body" time="0.385" /><testcase classname="tests.test_sprint2_refresh_family.TestOpaqueRefreshCookieDelivery" name="test_client_login_returns_no_refresh_in_body" time="0.660" /><testcase classname="tests.test_sprint2_refresh_family.TestOpaqueRefreshCookieDelivery" name="test_set_cookie_header_has_httponly_flag" time="0.676" /><testcase classname="tests.test_sprint2_refresh_family.TestCookiePathScoping" name="test_nms_rt_not_sent_to_non_refresh_path" time="0.342" /><testcase classname="tests.test_sprint2_refresh_family.TestAtomicRotation" name="test_refresh_rotates_access_and_cookie" time="0.385" /><testcase classname="tests.test_sprint2_refresh_family.TestConcurrencyGrace" name="test_old_cookie_within_grace_returns_409_no_family_burn" time="0.660" /><testcase classname="tests.test_sprint2_refresh_family.TestConcurrencyGrace" name="test_family_not_revoked_after_grace_409" time="0.784" /><testcase classname="tests.test_sprint2_refresh_family.TestReuseDetection" name="test_replay_after_grace_burns_family_and_session" time="0.672" /><testcase classname="tests.test_sprint2_refresh_family.TestCentralRevocation" name="test_change_password_revokes_all_sessions" time="1.120" /><testcase classname="tests.test_sprint2_refresh_family.TestCentralRevocation" name="test_logout_all_revokes_everything" time="0.563" /><testcase classname="tests.test_sprint2_refresh_family.TestCentralRevocation" name="test_list_sessions_returns_sanitized" time="0.408" /><testcase classname="tests.test_sprint2_refresh_family.TestCentralRevocation" name="test_delete_session_revokes_it" time="0.993" /><testcase classname="tests.test_sprint2_refresh_family.TestIdleBeforeTouch" name="test_idle_20min_rejects_before_touch" time="0.622" /><testcase classname="tests.test_sprint2_refresh_family.TestAbsoluteCap" name="test_absolute_expired_rejects_even_with_fresh_last_used" time="0.511" /><testcase classname="tests.test_sprint2_refresh_family.TestSessionVersionStaleness" name="test_access_token_becomes_stale_after_password_change" time="1.423" /><testcase classname="tests.test_sprint2_refresh_family.TestWorkforceSessionLimit" name="test_workforce_cap_returns_continuation_ticket" time="0.693" /><testcase classname="tests.test_sprint2_refresh_family.TestClientEvictOldest" name="test_client_login_at_cap_evicts_oldest_and_returns_notice" time="0.757" /></testsuite></testsuites>